07:52:35,851 INF librepo: Librepo version: 1.15.1 with CURL_GLOBAL_ACK_EINTR support (libcurl/7.88.1 OpenSSL/3.0.8 zlib/1.2.13 brotli/1.0.9 libidn2/2.3.4 libpsl/0.21.2 (+libidn2/2.3.4) libssh/0.10.4/openssl/zlib nghttp2/1.52.0)
07:52:37,150 INF librepo: Librepo version: 1.15.1 with CURL_GLOBAL_ACK_EINTR support (libcurl/7.88.1 OpenSSL/3.0.8 zlib/1.2.13 brotli/1.0.9 libidn2/2.3.4 libpsl/0.21.2 (+libidn2/2.3.4) libssh/0.10.4/openssl/zlib nghttp2/1.52.0)
07:52:37,464 INF librepo: Downloading: https://kojipkgs.fedoraproject.org/compose/rawhide/Fedora-Rawhide-20230312.n.0/compose/Everything/x86_64/os/repodata/repomd.xml
07:52:37,540 INF librepo: Downloading: https://kojipkgs.fedoraproject.org/compose/rawhide/Fedora-Rawhide-20230312.n.0/compose/Everything/x86_64/os/repodata/6a0992e47d486665a7f44da8fd7617465a0256ac8c214893838a6670cb41003d-primary.xml.zck
07:52:37,542 INF librepo: Downloading: https://kojipkgs.fedoraproject.org/compose/rawhide/Fedora-Rawhide-20230312.n.0/compose/Everything/x86_64/os/repodata/6827d7142ab5dcb6fde2ddb4f2717e0956d3052d699a0cb386b137090eeefa09-filelists.xml.zck
07:52:37,546 INF librepo: Downloading: https://kojipkgs.fedoraproject.org/compose/rawhide/Fedora-Rawhide-20230312.n.0/compose/Everything/x86_64/os/repodata/ba8dc648837032c7dd3e646c8b46abdc1a0b04809ad5ed61bf9353ecb27560ce-comps-Everything.x86_64.xml
07:52:37,621 INF librepo: Downloading: https://kojipkgs.fedoraproject.org/compose/rawhide/Fedora-Rawhide-20230312.n.0/compose/Everything/x86_64/os/repodata/6827d7142ab5dcb6fde2ddb4f2717e0956d3052d699a0cb386b137090eeefa09-filelists.xml.zck
07:52:39,025 INF librepo: Downloading: https://kojipkgs.fedoraproject.org/compose/rawhide/Fedora-Rawhide-20230312.n.0/compose/Everything/x86_64/os/repodata/6a0992e47d486665a7f44da8fd7617465a0256ac8c214893838a6670cb41003d-primary.xml.zck
07:52:42,939 INF librepo: Downloading: https://kojipkgs.fedoraproject.org/compose/rawhide/Fedora-Rawhide-20230312.n.0/compose/Everything/x86_64/os/repodata/repomd.xml
07:52:42,986 INF librepo: Downloading: https://kojipkgs.fedoraproject.org/compose/rawhide/Fedora-Rawhide-20230312.n.0/compose/Everything/x86_64/os/repodata/6a0992e47d486665a7f44da8fd7617465a0256ac8c214893838a6670cb41003d-primary.xml.zck
07:52:43,281 INF librepo: Downloading: https://kojipkgs.fedoraproject.org/compose/rawhide/Fedora-Rawhide-20230312.n.0/compose/Everything/x86_64/os/repodata/6827d7142ab5dcb6fde2ddb4f2717e0956d3052d699a0cb386b137090eeefa09-filelists.xml.zck
07:52:44,565 INF librepo: Downloading: https://kojipkgs.fedoraproject.org/compose/rawhide/Fedora-Rawhide-20230312.n.0/compose/Everything/x86_64/os/repodata/ba8dc648837032c7dd3e646c8b46abdc1a0b04809ad5ed61bf9353ecb27560ce-comps-Everything.x86_64.xml
07:53:49,837 INF librepo: Downloading: https://kojipkgs.fedoraproject.org/compose/rawhide/Fedora-Rawhide-20230312.n.0/compose/Everything/x86_64/os/repodata/repomd.xml
07:53:49,894 INF librepo: Downloading: https://kojipkgs.fedoraproject.org/compose/rawhide/Fedora-Rawhide-20230312.n.0/compose/Everything/x86_64/os/repodata/repomd.xml
07:53:58,403 INF librepo: Downloading: https://kojipkgs.fedoraproject.org/compose/rawhide/Fedora-Rawhide-20230312.n.0/compose/Everything/x86_64/os/Packages/l/libtasn1-4.19.0-2.fc38.x86_64.rpm
07:53:58,403 INF librepo: Downloading: https://kojipkgs.fedoraproject.org/compose/rawhide/Fedora-Rawhide-20230312.n.0/compose/Everything/x86_64/os/Packages/a/authselect-1.4.2-2.fc38.x86_64.rpm
07:53:58,404 INF librepo: Downloading: https://kojipkgs.fedoraproject.org/compose/rawhide/Fedora-Rawhide-20230312.n.0/compose/Everything/x86_64/os/Packages/a/authselect-libs-1.4.2-2.fc38.x86_64.rpm
07:53:58,458 INF librepo: Downloading: https://kojipkgs.fedoraproject.org/compose/rawhide/Fedora-Rawhide-20230312.n.0/compose/Everything/x86_64/os/Packages/l/libeconf-0.4.0-5.fc38.x86_64.rpm
07:53:58,460 INF librepo: Downloading: https://kojipkgs.fedoraproject.org/compose/rawhide/Fedora-Rawhide-20230312.n.0/compose/Everything/x86_64/os/Packages/g/glib2-2.75.4-2.fc39.x86_64.rpm
07:53:58,463 INF librepo: Downloading: https://kojipkgs.fedoraproject.org/compose/rawhide/Fedora-Rawhide-20230312.n.0/compose/Everything/x86_64/os/Packages/n/npth-1.6-12.fc38.x86_64.rpm
07:53:58,465 INF librepo: Downloading: https://kojipkgs.fedoraproject.org/compose/rawhide/Fedora-Rawhide-20230312.n.0/compose/Everything/x86_64/os/Packages/p/python3-hawkey-0.68.0-2.fc38.x86_64.rpm
07:53:58,471 INF librepo: Downloading: https://kojipkgs.fedoraproject.org/compose/rawhide/Fedora-Rawhide-20230312.n.0/compose/Everything/x86_64/os/Packages/p/python3-dnf-4.14.0-2.fc38.noarch.rpm
07:53:58,477 INF librepo: Downloading: https://kojipkgs.fedoraproject.org/compose/rawhide/Fedora-Rawhide-20230312.n.0/compose/Everything/x86_64/os/Packages/g/glibc-2.37.9000-3.fc39.x86_64.rpm
07:53:58,491 INF librepo: Downloading: https://kojipkgs.fedoraproject.org/compose/rawhide/Fedora-Rawhide-20230312.n.0/compose/Everything/x86_64/os/Packages/g/glibc-common-2.37.9000-3.fc39.x86_64.rpm
07:53:58,509 INF librepo: Downloading: https://kojipkgs.fedoraproject.org/compose/rawhide/Fedora-Rawhide-20230312.n.0/compose/Everything/x86_64/os/Packages/p/popt-1.19-2.fc38.x86_64.rpm
07:53:58,518 INF librepo: Downloading: https://kojipkgs.fedoraproject.org/compose/rawhide/Fedora-Rawhide-20230312.n.0/compose/Everything/x86_64/os/Packages/x/xz-libs-5.4.1-1.fc38.x86_64.rpm
07:53:58,526 INF librepo: Downloading: https://kojipkgs.fedoraproject.org/compose/rawhide/Fedora-Rawhide-20230312.n.0/compose/Everything/x86_64/os/Packages/l/libacl-2.3.1-6.fc38.x86_64.rpm
07:53:58,539 INF librepo: Downloading: https://kojipkgs.fedoraproject.org/compose/rawhide/Fedora-Rawhide-20230312.n.0/compose/Everything/x86_64/os/Packages/v/vim-data-9.0.1367-1.fc39.noarch.rpm
07:53:58,540 INF librepo: Downloading: https://kojipkgs.fedoraproject.org/compose/rawhide/Fedora-Rawhide-20230312.n.0/compose/Everything/x86_64/os/Packages/g/gmp-6.2.1-4.fc38.x86_64.rpm
07:53:58,544 INF librepo: Downloading: https://kojipkgs.fedoraproject.org/compose/rawhide/Fedora-Rawhide-20230312.n.0/compose/Everything/x86_64/os/Packages/l/libgomp-13.0.1-0.6.fc39.x86_64.rpm
07:53:58,555 INF librepo: Downloading: https://kojipkgs.fedoraproject.org/compose/rawhide/Fedora-Rawhide-20230312.n.0/compose/Everything/x86_64/os/Packages/d/dnf-4.14.0-2.fc38.noarch.rpm
07:53:58,559 INF librepo: Downloading: https://kojipkgs.fedoraproject.org/compose/rawhide/Fedora-Rawhide-20230312.n.0/compose/Everything/x86_64/os/Packages/l/libgpg-error-1.46-2.fc38.x86_64.rpm
07:53:58,570 INF librepo: Downloading: https://kojipkgs.fedoraproject.org/compose/rawhide/Fedora-Rawhide-20230312.n.0/compose/Everything/x86_64/os/Packages/d/dnf-data-4.14.0-2.fc38.noarch.rpm
07:53:58,572 INF librepo: Downloading: https://kojipkgs.fedoraproject.org/compose/rawhide/Fedora-Rawhide-20230312.n.0/compose/Everything/x86_64/os/Packages/p/python3-3.11.2-1.fc39.x86_64.rpm
07:53:58,575 INF librepo: Downloading: https://kojipkgs.fedoraproject.org/compose/rawhide/Fedora-Rawhide-20230312.n.0/compose/Everything/x86_64/os/Packages/s/sqlite-libs-3.40.1-2.fc38.x86_64.rpm
07:53:58,576 INF librepo: Downloading: https://kojipkgs.fedoraproject.org/compose/rawhide/Fedora-Rawhide-20230312.n.0/compose/Everything/x86_64/os/Packages/g/gdbm-libs-1.23-3.fc38.x86_64.rpm
07:53:58,585 INF librepo: Downloading: https://kojipkgs.fedoraproject.org/compose/rawhide/Fedora-Rawhide-20230312.n.0/compose/Everything/x86_64/os/Packages/v/vim-minimal-9.0.1367-1.fc39.x86_64.rpm
07:53:58,609 INF librepo: Downloading: https://kojipkgs.fedoraproject.org/compose/rawhide/Fedora-Rawhide-20230312.n.0/compose/Everything/x86_64/os/Packages/l/libtirpc-1.3.3-1.fc38.x86_64.rpm
07:53:58,615 INF librepo: Downloading: https://kojipkgs.fedoraproject.org/compose/rawhide/Fedora-Rawhide-20230312.n.0/compose/Everything/x86_64/os/Packages/b/bzip2-libs-1.0.8-13.fc38.x86_64.rpm
07:53:58,616 INF librepo: Downloading: https://kojipkgs.fedoraproject.org/compose/rawhide/Fedora-Rawhide-20230312.n.0/compose/Everything/x86_64/os/Packages/c/coreutils-9.1-11.fc38.x86_64.rpm
07:53:58,622 INF librepo: Downloading: https://kojipkgs.fedoraproject.org/compose/rawhide/Fedora-Rawhide-20230312.n.0/compose/Everything/x86_64/os/Packages/c/coreutils-common-9.1-11.fc38.x86_64.rpm
07:53:58,630 INF librepo: Downloading: https://kojipkgs.fedoraproject.org/compose/rawhide/Fedora-Rawhide-20230312.n.0/compose/Everything/x86_64/os/Packages/o/openssl-libs-3.0.8-1.fc39.x86_64.rpm
07:53:58,650 INF librepo: Downloading: https://kojipkgs.fedoraproject.org/compose/rawhide/Fedora-Rawhide-20230312.n.0/compose/Everything/x86_64/os/Packages/l/libpsl-0.21.2-2.fc38.x86_64.rpm
07:53:58,657 INF librepo: Downloading: https://kojipkgs.fedoraproject.org/compose/rawhide/Fedora-Rawhide-20230312.n.0/compose/Everything/x86_64/os/Packages/l/lz4-libs-1.9.4-2.fc38.x86_64.rpm
07:53:58,661 INF librepo: Downloading: https://kojipkgs.fedoraproject.org/compose/rawhide/Fedora-Rawhide-20230312.n.0/compose/Everything/x86_64/os/Packages/l/libxcrypt-4.4.33-7.fc39.x86_64.rpm
07:53:58,670 INF librepo: Downloading: https://kojipkgs.fedoraproject.org/compose/rawhide/Fedora-Rawhide-20230312.n.0/compose/Everything/x86_64/os/Packages/l/libcom_err-1.46.5-4.fc38.x86_64.rpm
07:53:58,683 INF librepo: Downloading: https://kojipkgs.fedoraproject.org/compose/rawhide/Fedora-Rawhide-20230312.n.0/compose/Everything/x86_64/os/Packages/l/libarchive-3.6.1-5.fc39.x86_64.rpm
07:53:58,696 INF librepo: Downloading: https://kojipkgs.fedoraproject.org/compose/rawhide/Fedora-Rawhide-20230312.n.0/compose/Everything/x86_64/os/Packages/l/libevent-2.1.12-8.fc38.x86_64.rpm
07:53:58,709 INF librepo: Downloading: https://kojipkgs.fedoraproject.org/compose/rawhide/Fedora-Rawhide-20230312.n.0/compose/Everything/x86_64/os/Packages/c/ca-certificates-2023.2.60-2.fc38.noarch.rpm
07:53:58,714 INF librepo: Downloading: https://kojipkgs.fedoraproject.org/compose/rawhide/Fedora-Rawhide-20230312.n.0/compose/Everything/x86_64/os/Packages/k/krb5-libs-1.20.1-9.fc39.x86_64.rpm
07:53:58,724 INF librepo: Downloading: https://kojipkgs.fedoraproject.org/compose/rawhide/Fedora-Rawhide-20230312.n.0/compose/Everything/x86_64/os/Packages/l/libksba-1.6.3-2.fc38.x86_64.rpm
07:53:58,730 INF librepo: Downloading: https://kojipkgs.fedoraproject.org/compose/rawhide/Fedora-Rawhide-20230312.n.0/compose/Everything/x86_64/os/Packages/l/libcomps-0.1.19-1.fc39.x86_64.rpm
07:53:58,738 INF librepo: Downloading: https://kojipkgs.fedoraproject.org/compose/rawhide/Fedora-Rawhide-20230312.n.0/compose/Everything/x86_64/os/Packages/l/libnghttp2-1.52.0-1.fc39.x86_64.rpm
07:53:58,739 INF librepo: Downloading: https://kojipkgs.fedoraproject.org/compose/rawhide/Fedora-Rawhide-20230312.n.0/compose/Everything/x86_64/os/Packages/t/tpm2-tss-4.0.1-3.fc38.x86_64.rpm
07:53:58,742 INF librepo: Downloading: https://kojipkgs.fedoraproject.org/compose/rawhide/Fedora-Rawhide-20230312.n.0/compose/Everything/x86_64/os/Packages/l/libpwquality-1.4.5-3.fc38.x86_64.rpm
07:53:58,748 INF librepo: Downloading: https://kojipkgs.fedoraproject.org/compose/rawhide/Fedora-Rawhide-20230312.n.0/compose/Everything/x86_64/os/Packages/l/libselinux-3.5-1.fc39.x86_64.rpm
07:53:58,753 INF librepo: Downloading: https://kojipkgs.fedoraproject.org/compose/rawhide/Fedora-Rawhide-20230312.n.0/compose/Everything/x86_64/os/Packages/a/alternatives-1.21-2.fc38.x86_64.rpm
07:53:58,763 INF librepo: Downloading: https://kojipkgs.fedoraproject.org/compose/rawhide/Fedora-Rawhide-20230312.n.0/compose/Everything/x86_64/os/Packages/y/yum-4.14.0-2.fc38.noarch.rpm
07:53:58,765 INF librepo: Downloading: https://kojipkgs.fedoraproject.org/compose/rawhide/Fedora-Rawhide-20230312.n.0/compose/Everything/x86_64/os/Packages/l/libsemanage-3.5-1.fc39.x86_64.rpm
07:53:58,770 INF librepo: Downloading: https://kojipkgs.fedoraproject.org/compose/rawhide/Fedora-Rawhide-20230312.n.0/compose/Everything/x86_64/os/Packages/f/fedora-gpg-keys-39-0.1.noarch.rpm
07:53:58,777 INF librepo: Downloading: https://kojipkgs.fedoraproject.org/compose/rawhide/Fedora-Rawhide-20230312.n.0/compose/Everything/x86_64/os/Packages/g/gpgme-1.17.1-5.fc39.x86_64.rpm
07:53:58,778 INF librepo: Downloading: https://kojipkgs.fedoraproject.org/compose/rawhide/Fedora-Rawhide-20230312.n.0/compose/Everything/x86_64/os/Packages/l/libassuan-2.5.5-6.fc38.x86_64.rpm
07:53:58,784 INF librepo: Downloading: https://kojipkgs.fedoraproject.org/compose/rawhide/Fedora-Rawhide-20230312.n.0/compose/Everything/x86_64/os/Packages/l/libsepol-3.5-1.fc39.x86_64.rpm
07:53:58,785 INF librepo: Downloading: https://kojipkgs.fedoraproject.org/compose/rawhide/Fedora-Rawhide-20230312.n.0/compose/Everything/x86_64/os/Packages/e/elfutils-default-yama-scope-0.189-1.fc39.noarch.rpm
07:53:58,798 INF librepo: Downloading: https://kojipkgs.fedoraproject.org/compose/rawhide/Fedora-Rawhide-20230312.n.0/compose/Everything/x86_64/os/Packages/e/elfutils-libelf-0.189-1.fc39.x86_64.rpm
07:53:58,802 INF librepo: Downloading: https://kojipkgs.fedoraproject.org/compose/rawhide/Fedora-Rawhide-20230312.n.0/compose/Everything/x86_64/os/Packages/e/elfutils-libs-0.189-1.fc39.x86_64.rpm
07:53:58,805 INF librepo: Downloading: https://kojipkgs.fedoraproject.org/compose/rawhide/Fedora-Rawhide-20230312.n.0/compose/Everything/x86_64/os/Packages/f/fedora-release-common-39-0.5.noarch.rpm
07:53:58,808 INF librepo: Downloading: https://kojipkgs.fedoraproject.org/compose/rawhide/Fedora-Rawhide-20230312.n.0/compose/Everything/x86_64/os/Packages/f/fedora-release-container-39-0.5.noarch.rpm
07:53:58,809 INF librepo: Downloading: https://kojipkgs.fedoraproject.org/compose/rawhide/Fedora-Rawhide-20230312.n.0/compose/Everything/x86_64/os/Packages/l/libnsl2-2.0.0-5.fc38.x86_64.rpm
07:53:58,811 INF librepo: Downloading: https://kojipkgs.fedoraproject.org/compose/rawhide/Fedora-Rawhide-20230312.n.0/compose/Everything/x86_64/os/Packages/l/libcurl-7.88.1-1.fc39.x86_64.rpm
07:53:58,813 INF librepo: Downloading: https://kojipkgs.fedoraproject.org/compose/rawhide/Fedora-Rawhide-20230312.n.0/compose/Everything/x86_64/os/Packages/c/cracklib-2.9.7-31.fc38.x86_64.rpm
07:53:58,814 INF librepo: Downloading: https://kojipkgs.fedoraproject.org/compose/rawhide/Fedora-Rawhide-20230312.n.0/compose/Everything/x86_64/os/Packages/e/expat-2.5.0-2.fc38.x86_64.rpm
07:53:58,817 INF librepo: Downloading: https://kojipkgs.fedoraproject.org/compose/rawhide/Fedora-Rawhide-20230312.n.0/compose/Everything/x86_64/os/Packages/f/fedora-release-identity-container-39-0.5.noarch.rpm
07:53:58,819 INF librepo: Downloading: https://kojipkgs.fedoraproject.org/compose/rawhide/Fedora-Rawhide-20230312.n.0/compose/Everything/x86_64/os/Packages/l/libxml2-2.10.3-3.fc38.x86_64.rpm
07:53:58,828 INF librepo: Downloading: https://kojipkgs.fedoraproject.org/compose/rawhide/Fedora-Rawhide-20230312.n.0/compose/Everything/x86_64/os/Packages/l/libffi-3.4.4-2.fc38.x86_64.rpm
07:53:58,829 INF librepo: Downloading: https://kojipkgs.fedoraproject.org/compose/rawhide/Fedora-Rawhide-20230312.n.0/compose/Everything/x86_64/os/Packages/j/json-c-0.16-4.fc38.x86_64.rpm
07:53:58,831 INF librepo: Downloading: https://kojipkgs.fedoraproject.org/compose/rawhide/Fedora-Rawhide-20230312.n.0/compose/Everything/x86_64/os/Packages/l/libattr-2.5.1-6.fc38.x86_64.rpm
07:53:58,833 INF librepo: Downloading: https://kojipkgs.fedoraproject.org/compose/rawhide/Fedora-Rawhide-20230312.n.0/compose/Everything/x86_64/os/Packages/s/systemd-libs-253.1-4.fc39.x86_64.rpm
07:53:58,834 INF librepo: Downloading: https://kojipkgs.fedoraproject.org/compose/rawhide/Fedora-Rawhide-20230312.n.0/compose/Everything/x86_64/os/Packages/n/nettle-3.8-3.fc38.x86_64.rpm
07:53:58,842 INF librepo: Downloading: https://kojipkgs.fedoraproject.org/compose/rawhide/Fedora-Rawhide-20230312.n.0/compose/Everything/x86_64/os/Packages/p/python3-rpm-4.18.0-11.fc39.x86_64.rpm
07:53:58,846 INF librepo: Downloading: https://kojipkgs.fedoraproject.org/compose/rawhide/Fedora-Rawhide-20230312.n.0/compose/Everything/x86_64/os/Packages/z/zchunk-libs-1.3.0-1.fc39.x86_64.rpm
07:53:58,849 INF librepo: Downloading: https://kojipkgs.fedoraproject.org/compose/rawhide/Fedora-Rawhide-20230312.n.0/compose/Everything/x86_64/os/Packages/f/fedora-repos-39-0.1.noarch.rpm
07:53:58,852 INF librepo: Downloading: https://kojipkgs.fedoraproject.org/compose/rawhide/Fedora-Rawhide-20230312.n.0/compose/Everything/x86_64/os/Packages/l/libyaml-0.2.5-9.fc38.x86_64.rpm
07:53:58,855 INF librepo: Downloading: https://kojipkgs.fedoraproject.org/compose/rawhide/Fedora-Rawhide-20230312.n.0/compose/Everything/x86_64/os/Packages/f/fedora-repos-modular-39-0.1.noarch.rpm
07:53:58,858 INF librepo: Downloading: https://kojipkgs.fedoraproject.org/compose/rawhide/Fedora-Rawhide-20230312.n.0/compose/Everything/x86_64/os/Packages/g/glibc-minimal-langpack-2.37.9000-3.fc39.x86_64.rpm
07:53:58,861 INF librepo: Downloading: https://kojipkgs.fedoraproject.org/compose/rawhide/Fedora-Rawhide-20230312.n.0/compose/Everything/x86_64/os/Packages/f/fedora-repos-rawhide-39-0.1.noarch.rpm
07:53:58,864 INF librepo: Downloading: https://kojipkgs.fedoraproject.org/compose/rawhide/Fedora-Rawhide-20230312.n.0/compose/Everything/x86_64/os/Packages/f/fedora-repos-rawhide-modular-39-0.1.noarch.rpm
07:53:58,865 INF librepo: Downloading: https://kojipkgs.fedoraproject.org/compose/rawhide/Fedora-Rawhide-20230312.n.0/compose/Everything/x86_64/os/Packages/s/sed-4.8-12.fc38.x86_64.rpm
07:53:58,869 INF librepo: Downloading: https://kojipkgs.fedoraproject.org/compose/rawhide/Fedora-Rawhide-20230312.n.0/compose/Everything/x86_64/os/Packages/u/util-linux-core-2.38.1-4.fc38.x86_64.rpm
07:53:58,872 INF librepo: Downloading: https://kojipkgs.fedoraproject.org/compose/rawhide/Fedora-Rawhide-20230312.n.0/compose/Everything/x86_64/os/Packages/l/libunistring-1.1-3.fc38.x86_64.rpm
07:53:58,876 INF librepo: Downloading: https://kojipkgs.fedoraproject.org/compose/rawhide/Fedora-Rawhide-20230312.n.0/compose/Everything/x86_64/os/Packages/l/libunistring1.0-1.0-1.fc38.x86_64.rpm
07:53:58,907 INF librepo: Downloading: https://kojipkgs.fedoraproject.org/compose/rawhide/Fedora-Rawhide-20230312.n.0/compose/Everything/x86_64/os/Packages/l/libdb-5.3.28-55.fc38.x86_64.rpm
07:53:58,917 INF librepo: Downloading: https://kojipkgs.fedoraproject.org/compose/rawhide/Fedora-Rawhide-20230312.n.0/compose/Everything/x86_64/os/Packages/l/libsigsegv-2.14-4.fc38.x86_64.rpm
07:53:58,921 INF librepo: Downloading: https://kojipkgs.fedoraproject.org/compose/rawhide/Fedora-Rawhide-20230312.n.0/compose/Everything/x86_64/os/Packages/l/libb2-0.98.1-8.fc38.x86_64.rpm
07:53:58,927 INF librepo: Downloading: https://kojipkgs.fedoraproject.org/compose/rawhide/Fedora-Rawhide-20230312.n.0/compose/Everything/x86_64/os/Packages/r/rootfiles-8.1-33.fc38.noarch.rpm
07:53:58,928 INF librepo: Downloading: https://kojipkgs.fedoraproject.org/compose/rawhide/Fedora-Rawhide-20230312.n.0/compose/Everything/x86_64/os/Packages/l/libsmartcols-2.38.1-4.fc38.x86_64.rpm
07:53:58,932 INF librepo: Downloading: https://kojipkgs.fedoraproject.org/compose/rawhide/Fedora-Rawhide-20230312.n.0/compose/Everything/x86_64/os/Packages/c/crypto-policies-20230301-1.gita12f7b2.fc39.noarch.rpm
07:53:58,933 INF librepo: Downloading: https://kojipkgs.fedoraproject.org/compose/rawhide/Fedora-Rawhide-20230312.n.0/compose/Everything/x86_64/os/Packages/k/keyutils-libs-1.6.1-6.fc38.x86_64.rpm
07:53:58,934 INF librepo: Downloading: https://kojipkgs.fedoraproject.org/compose/rawhide/Fedora-Rawhide-20230312.n.0/compose/Everything/x86_64/os/Packages/p/pcre2-10.42-1.fc38.1.x86_64.rpm
07:53:58,937 INF librepo: Downloading: https://kojipkgs.fedoraproject.org/compose/rawhide/Fedora-Rawhide-20230312.n.0/compose/Everything/x86_64/os/Packages/l/libblkid-2.38.1-4.fc38.x86_64.rpm
07:53:58,940 INF librepo: Downloading: https://kojipkgs.fedoraproject.org/compose/rawhide/Fedora-Rawhide-20230312.n.0/compose/Everything/x86_64/os/Packages/r/rpm-4.18.0-11.fc39.x86_64.rpm
07:53:58,943 INF librepo: Downloading: https://kojipkgs.fedoraproject.org/compose/rawhide/Fedora-Rawhide-20230312.n.0/compose/Everything/x86_64/os/Packages/p/pcre2-syntax-10.42-1.fc38.1.noarch.rpm
07:53:58,949 INF librepo: Downloading: https://kojipkgs.fedoraproject.org/compose/rawhide/Fedora-Rawhide-20230312.n.0/compose/Everything/x86_64/os/Packages/r/rpm-build-libs-4.18.0-11.fc39.x86_64.rpm
07:53:58,950 INF librepo: Downloading: https://kojipkgs.fedoraproject.org/compose/rawhide/Fedora-Rawhide-20230312.n.0/compose/Everything/x86_64/os/Packages/l/libfsverity-1.4-9.fc38.x86_64.rpm
07:53:58,955 INF librepo: Downloading: https://kojipkgs.fedoraproject.org/compose/rawhide/Fedora-Rawhide-20230312.n.0/compose/Everything/x86_64/os/Packages/i/ima-evm-utils-1.4-7.fc38.x86_64.rpm
07:53:58,958 INF librepo: Downloading: https://kojipkgs.fedoraproject.org/compose/rawhide/Fedora-Rawhide-20230312.n.0/compose/Everything/x86_64/os/Packages/r/rpm-libs-4.18.0-11.fc39.x86_64.rpm
07:53:58,963 INF librepo: Downloading: https://kojipkgs.fedoraproject.org/compose/rawhide/Fedora-Rawhide-20230312.n.0/compose/Everything/x86_64/os/Packages/t/tar-1.34-7.fc38.x86_64.rpm
07:53:58,966 INF librepo: Downloading: https://kojipkgs.fedoraproject.org/compose/rawhide/Fedora-Rawhide-20230312.n.0/compose/Everything/x86_64/os/Packages/l/libsolv-0.7.22-4.fc38.x86_64.rpm
07:53:58,977 INF librepo: Downloading: https://kojipkgs.fedoraproject.org/compose/rawhide/Fedora-Rawhide-20230312.n.0/compose/Everything/x86_64/os/Packages/l/libidn2-2.3.4-2.fc38.x86_64.rpm
07:53:58,981 INF librepo: Downloading: https://kojipkgs.fedoraproject.org/compose/rawhide/Fedora-Rawhide-20230312.n.0/compose/Everything/x86_64/os/Packages/l/libuuid-2.38.1-4.fc38.x86_64.rpm
07:53:58,984 INF librepo: Downloading: https://kojipkgs.fedoraproject.org/compose/rawhide/Fedora-Rawhide-20230312.n.0/compose/Everything/x86_64/os/Packages/r/rpm-sequoia-1.3.0-1.fc39.x86_64.rpm
07:53:58,986 INF librepo: Downloading: https://kojipkgs.fedoraproject.org/compose/rawhide/Fedora-Rawhide-20230312.n.0/compose/Everything/x86_64/os/Packages/r/rpm-sign-libs-4.18.0-11.fc39.x86_64.rpm
07:53:58,994 INF librepo: Downloading: https://kojipkgs.fedoraproject.org/compose/rawhide/Fedora-Rawhide-20230312.n.0/compose/Everything/x86_64/os/Packages/z/zlib-1.2.13-3.fc38.x86_64.rpm
07:53:58,995 INF librepo: Downloading: https://kojipkgs.fedoraproject.org/compose/rawhide/Fedora-Rawhide-20230312.n.0/compose/Everything/x86_64/os/Packages/s/setup-2.14.3-3.fc39.noarch.rpm
07:53:59,001 INF librepo: Downloading: https://kojipkgs.fedoraproject.org/compose/rawhide/Fedora-Rawhide-20230312.n.0/compose/Everything/x86_64/os/Packages/r/readline-8.2-3.fc38.x86_64.rpm
07:53:59,001 INF librepo: Downloading: https://kojipkgs.fedoraproject.org/compose/rawhide/Fedora-Rawhide-20230312.n.0/compose/Everything/x86_64/os/Packages/l/lua-libs-5.4.4-9.fc39.x86_64.rpm
07:53:59,013 INF librepo: Downloading: https://kojipkgs.fedoraproject.org/compose/rawhide/Fedora-Rawhide-20230312.n.0/compose/Everything/x86_64/os/Packages/g/grep-3.9-1.fc39.x86_64.rpm
07:53:59,015 INF librepo: Downloading: https://kojipkgs.fedoraproject.org/compose/rawhide/Fedora-Rawhide-20230312.n.0/compose/Everything/x86_64/os/Packages/b/basesystem-11-15.fc38.noarch.rpm
07:53:59,020 INF librepo: Downloading: https://kojipkgs.fedoraproject.org/compose/rawhide/Fedora-Rawhide-20230312.n.0/compose/Everything/x86_64/os/Packages/b/bash-5.2.15-3.fc38.x86_64.rpm
07:53:59,022 INF librepo: Downloading: https://kojipkgs.fedoraproject.org/compose/rawhide/Fedora-Rawhide-20230312.n.0/compose/Everything/x86_64/os/Packages/l/libgcc-13.0.1-0.6.fc39.x86_64.rpm
07:53:59,030 INF librepo: Downloading: https://kojipkgs.fedoraproject.org/compose/rawhide/Fedora-Rawhide-20230312.n.0/compose/Everything/x86_64/os/Packages/l/libzstd-1.5.4-1.fc39.x86_64.rpm
07:53:59,034 INF librepo: Downloading: https://kojipkgs.fedoraproject.org/compose/rawhide/Fedora-Rawhide-20230312.n.0/compose/Everything/x86_64/os/Packages/t/tzdata-2022g-2.fc38.noarch.rpm
07:53:59,047 INF librepo: Downloading: https://kojipkgs.fedoraproject.org/compose/rawhide/Fedora-Rawhide-20230312.n.0/compose/Everything/x86_64/os/Packages/l/libgcrypt-1.10.1-7.fc38.x86_64.rpm
07:53:59,058 INF librepo: Downloading: https://kojipkgs.fedoraproject.org/compose/rawhide/Fedora-Rawhide-20230312.n.0/compose/Everything/x86_64/os/Packages/l/libverto-0.3.2-5.fc38.x86_64.rpm
07:53:59,061 INF librepo: Downloading: https://kojipkgs.fedoraproject.org/compose/rawhide/Fedora-Rawhide-20230312.n.0/compose/Everything/x86_64/os/Packages/s/shadow-utils-4.13-6.fc39.x86_64.rpm
07:53:59,062 INF librepo: Downloading: https://kojipkgs.fedoraproject.org/compose/rawhide/Fedora-Rawhide-20230312.n.0/compose/Everything/x86_64/os/Packages/p/python3-libcomps-0.1.19-1.fc39.x86_64.rpm
07:53:59,067 INF librepo: Downloading: https://kojipkgs.fedoraproject.org/compose/rawhide/Fedora-Rawhide-20230312.n.0/compose/Everything/x86_64/os/Packages/p/p11-kit-0.24.1-6.fc38.x86_64.rpm
07:53:59,075 INF librepo: Downloading: https://kojipkgs.fedoraproject.org/compose/rawhide/Fedora-Rawhide-20230312.n.0/compose/Everything/x86_64/os/Packages/p/python3-libdnf-0.68.0-2.fc38.x86_64.rpm
07:53:59,096 INF librepo: Downloading: https://kojipkgs.fedoraproject.org/compose/rawhide/Fedora-Rawhide-20230312.n.0/compose/Everything/x86_64/os/Packages/p/p11-kit-trust-0.24.1-6.fc38.x86_64.rpm
07:53:59,103 INF librepo: Downloading: https://kojipkgs.fedoraproject.org/compose/rawhide/Fedora-Rawhide-20230312.n.0/compose/Everything/x86_64/os/Packages/s/sudo-1.9.13-1.p2.fc39.x86_64.rpm
07:53:59,106 INF librepo: Downloading: https://kojipkgs.fedoraproject.org/compose/rawhide/Fedora-Rawhide-20230312.n.0/compose/Everything/x86_64/os/Packages/l/libssh-0.10.4-4.fc39.x86_64.rpm
07:53:59,107 INF librepo: Downloading: https://kojipkgs.fedoraproject.org/compose/rawhide/Fedora-Rawhide-20230312.n.0/compose/Everything/x86_64/os/Packages/l/libssh-config-0.10.4-4.fc39.noarch.rpm
07:53:59,114 INF librepo: Downloading: https://kojipkgs.fedoraproject.org/compose/rawhide/Fedora-Rawhide-20230312.n.0/compose/Everything/x86_64/os/Packages/l/libbrotli-1.0.9-11.fc38.x86_64.rpm
07:53:59,124 INF librepo: Downloading: https://kojipkgs.fedoraproject.org/compose/rawhide/Fedora-Rawhide-20230312.n.0/compose/Everything/x86_64/os/Packages/g/gawk-5.1.1-5.fc38.x86_64.rpm
07:53:59,140 INF librepo: Downloading: https://kojipkgs.fedoraproject.org/compose/rawhide/Fedora-Rawhide-20230312.n.0/compose/Everything/x86_64/os/Packages/g/gnupg2-2.4.0-3.fc39.x86_64.rpm
07:53:59,143 INF librepo: Downloading: https://kojipkgs.fedoraproject.org/compose/rawhide/Fedora-Rawhide-20230312.n.0/compose/Everything/x86_64/os/Packages/l/libdnf-0.68.0-2.fc38.x86_64.rpm
07:53:59,168 INF librepo: Downloading: https://kojipkgs.fedoraproject.org/compose/rawhide/Fedora-Rawhide-20230312.n.0/compose/Everything/x86_64/os/Packages/o/openldap-2.6.4-1.fc39.x86_64.rpm
07:53:59,188 INF librepo: Downloading: https://kojipkgs.fedoraproject.org/compose/rawhide/Fedora-Rawhide-20230312.n.0/compose/Everything/x86_64/os/Packages/p/python-pip-wheel-23.0.1-1.fc39.noarch.rpm
07:53:59,251 INF librepo: Downloading: https://kojipkgs.fedoraproject.org/compose/rawhide/Fedora-Rawhide-20230312.n.0/compose/Everything/x86_64/os/Packages/p/python3-libs-3.11.2-1.fc39.x86_64.rpm
07:53:59,274 INF librepo: Downloading: https://kojipkgs.fedoraproject.org/compose/rawhide/Fedora-Rawhide-20230312.n.0/compose/Everything/x86_64/os/Packages/g/gnutls-3.8.0-3.fc39.x86_64.rpm
07:53:59,292 INF librepo: Downloading: https://kojipkgs.fedoraproject.org/compose/rawhide/Fedora-Rawhide-20230312.n.0/compose/Everything/x86_64/os/Packages/c/curl-7.88.1-1.fc39.x86_64.rpm
07:53:59,318 INF librepo: Downloading: https://kojipkgs.fedoraproject.org/compose/rawhide/Fedora-Rawhide-20230312.n.0/compose/Everything/x86_64/os/Packages/f/file-libs-5.44-2.fc39.x86_64.rpm
07:53:59,335 INF librepo: Downloading: https://kojipkgs.fedoraproject.org/compose/rawhide/Fedora-Rawhide-20230312.n.0/compose/Everything/x86_64/os/Packages/l/libstdc%2b%2b-13.0.1-0.6.fc39.x86_64.rpm
07:53:59,344 INF librepo: Downloading: https://kojipkgs.fedoraproject.org/compose/rawhide/Fedora-Rawhide-20230312.n.0/compose/Everything/x86_64/os/Packages/f/filesystem-3.18-4.fc39.x86_64.rpm
07:53:59,362 INF librepo: Downloading: https://kojipkgs.fedoraproject.org/compose/rawhide/Fedora-Rawhide-20230312.n.0/compose/Everything/x86_64/os/Packages/g/gzip-1.12-3.fc38.x86_64.rpm
07:53:59,370 INF librepo: Downloading: https://kojipkgs.fedoraproject.org/compose/rawhide/Fedora-Rawhide-20230312.n.0/compose/Everything/x86_64/os/Packages/l/libmodulemd-2.14.0-5.fc38.x86_64.rpm
07:53:59,383 INF librepo: Downloading: https://kojipkgs.fedoraproject.org/compose/rawhide/Fedora-Rawhide-20230312.n.0/compose/Everything/x86_64/os/Packages/f/findutils-4.9.0-3.fc38.x86_64.rpm
07:53:59,390 INF librepo: Downloading: https://kojipkgs.fedoraproject.org/compose/rawhide/Fedora-Rawhide-20230312.n.0/compose/Everything/x86_64/os/Packages/m/mpdecimal-2.5.1-6.fc38.x86_64.rpm
07:53:59,400 INF librepo: Downloading: https://kojipkgs.fedoraproject.org/compose/rawhide/Fedora-Rawhide-20230312.n.0/compose/Everything/x86_64/os/Packages/p/pam-1.5.2-17.fc39.x86_64.rpm
07:53:59,449 INF librepo: Downloading: https://kojipkgs.fedoraproject.org/compose/rawhide/Fedora-Rawhide-20230312.n.0/compose/Everything/x86_64/os/Packages/l/librepo-1.15.1-2.fc38.x86_64.rpm
07:53:59,464 INF librepo: Downloading: https://kojipkgs.fedoraproject.org/compose/rawhide/Fedora-Rawhide-20230312.n.0/compose/Everything/x86_64/os/Packages/l/libmount-2.38.1-4.fc38.x86_64.rpm
07:53:59,470 INF librepo: Downloading: https://kojipkgs.fedoraproject.org/compose/rawhide/Fedora-Rawhide-20230312.n.0/compose/Everything/x86_64/os/Packages/p/pam-libs-1.5.2-17.fc39.x86_64.rpm
07:53:59,482 INF librepo: Downloading: https://kojipkgs.fedoraproject.org/compose/rawhide/Fedora-Rawhide-20230312.n.0/compose/Everything/x86_64/os/Packages/p/publicsuffix-list-dafsa-20221208-2.fc38.noarch.rpm
07:53:59,489 INF librepo: Downloading: https://kojipkgs.fedoraproject.org/compose/rawhide/Fedora-Rawhide-20230312.n.0/compose/Everything/x86_64/os/Packages/p/python3-gpg-1.17.1-5.fc39.x86_64.rpm
07:53:59,495 INF librepo: Downloading: https://kojipkgs.fedoraproject.org/compose/rawhide/Fedora-Rawhide-20230312.n.0/compose/Everything/x86_64/os/Packages/m/mpfr-4.1.1-3.fc38.x86_64.rpm
07:53:59,523 INF librepo: Downloading: https://kojipkgs.fedoraproject.org/compose/rawhide/Fedora-Rawhide-20230312.n.0/compose/Everything/x86_64/os/Packages/l/libreport-filesystem-2.17.8-1.fc39.noarch.rpm
07:53:59,529 INF librepo: Downloading: https://kojipkgs.fedoraproject.org/compose/rawhide/Fedora-Rawhide-20230312.n.0/compose/Everything/x86_64/os/Packages/l/libcap-2.48-6.fc38.x86_64.rpm
07:53:59,537 INF librepo: Downloading: https://kojipkgs.fedoraproject.org/compose/rawhide/Fedora-Rawhide-20230312.n.0/compose/Everything/x86_64/os/Packages/l/libcap-ng-0.8.3-5.fc38.x86_64.rpm
07:53:59,539 INF librepo: Downloading: https://kojipkgs.fedoraproject.org/compose/rawhide/Fedora-Rawhide-20230312.n.0/compose/Everything/x86_64/os/Packages/n/ncurses-base-6.4-3.20230114.fc38.noarch.rpm
07:53:59,543 INF librepo: Downloading: https://kojipkgs.fedoraproject.org/compose/rawhide/Fedora-Rawhide-20230312.n.0/compose/Everything/x86_64/os/Packages/n/ncurses-libs-6.4-3.20230114.fc38.x86_64.rpm
07:53:59,561 INF librepo: Downloading: https://kojipkgs.fedoraproject.org/compose/rawhide/Fedora-Rawhide-20230312.n.0/compose/Everything/x86_64/os/Packages/p/python-setuptools-wheel-65.5.1-2.fc38.noarch.rpm
07:53:59,562 INF librepo: Downloading: https://kojipkgs.fedoraproject.org/compose/rawhide/Fedora-Rawhide-20230312.n.0/compose/Everything/x86_64/os/Packages/a/audit-libs-3.1-2.fc39.x86_64.rpm
07:53:59,576 INF librepo: Downloading: https://kojipkgs.fedoraproject.org/compose/rawhide/Fedora-Rawhide-20230312.n.0/compose/Everything/x86_64/os/Packages/c/cyrus-sasl-lib-2.1.28-9.fc38.x86_64.rpm
