19:31:51,088 DBG dnf: User-Agent: constructed: 'libdnf (Rocky Linux 9.1; generic; Linux.x86_64)'
19:31:51,130 DDEBUG dnf: Getting group metadata
19:31:51,131 DDEBUG dnf: timer: loading comps: 0 ms
19:31:51,140 DDEBUG dnf: Cleaning up.
19:31:51,155 DBG dnf: User-Agent: constructed: 'libdnf (Rocky Linux 9.1; generic; Linux.x86_64)'
19:31:51,156 DDEBUG dnf: Getting group metadata
19:31:51,156 DDEBUG dnf: timer: loading comps: 0 ms
19:31:55,919 INF packaging: Configuring the base repo
19:31:57,941 DBG packaging: Using the repo configuration: RepoConfigurationData(cost=1000, excluded_packages=[], included_packages=[], name='anaconda-0', proxy='', ssl_configuration=SSLConfigurationData(ca_cert_path='', client_cert_path='', client_key_path=''), ssl_verification_enabled=True, type='BASEURL', url='https://download.rockylinux.org/stg/rocky/9/BaseOS/x86_64/os/')
19:31:57,942 DBG packaging: retrieving treeinfo from https://download.rockylinux.org/stg/rocky/9/BaseOS/x86_64/os/ (proxy: None ; ssl_verify: True)
19:31:57,942 INF packaging: Trying to download '.treeinfo'
19:31:58,163 DBG packaging: Retrieved '.treeinfo' from https://download.rockylinux.org/stg/rocky/9/BaseOS/x86_64/os/
19:31:58,166 DBG packaging: getting release version from tree at https://download.rockylinux.org/stg/rocky/9/BaseOS/x86_64/os/
19:31:58,166 DBG packaging: using treeinfo release version of 9.1
19:31:58,166 DBG packaging: Treeinfo points base repository to https://download.rockylinux.org/stg/rocky/9/BaseOS/x86_64/os/.
19:31:58,166 DBG packaging: releasever from https://download.rockylinux.org/stg/rocky/9/BaseOS/x86_64/os/ is 9.1
19:31:58,166 DBG packaging: Adding new treeinfo repository: AppStream enabled: True
19:31:58,167 INF packaging: added repo: 'AppStream' - https://download.rockylinux.org/stg/rocky/9/AppStream/x86_64/os
19:31:58,176 DBG dnf: repo: downloading from remote: AppStream
19:31:59,327 INF packaging: enabled repo: 'AppStream' - ['https://download.rockylinux.org/stg/rocky/9/AppStream/x86_64/os'] and got repomd
19:31:59,328 INF packaging: added repo: 'anaconda' - https://download.rockylinux.org/stg/rocky/9/BaseOS/x86_64/os/
19:31:59,328 DBG dnf: repo: downloading from remote: anaconda
19:32:00,010 INF packaging: enabled repo: 'anaconda' - ['https://download.rockylinux.org/stg/rocky/9/BaseOS/x86_64/os/'] and got repomd
19:32:00,010 DBG packaging: repo AppStream: mirrorlist None, baseurl https://download.rockylinux.org/stg/rocky/9/AppStream/x86_64/os, metalink False
19:32:00,011 INF packaging: added repo: 'AppStream' - https://download.rockylinux.org/stg/rocky/9/AppStream/x86_64/os
19:32:00,017 DBG dnf: repo: using cache for: AppStream
19:32:00,018 INF packaging: enabled repo: 'AppStream' - ['https://download.rockylinux.org/stg/rocky/9/AppStream/x86_64/os'] and got repomd
19:32:00,018 DBG dnf: repo: using cache for: anaconda
19:32:00,018 DBG packaging: repo anaconda: _sync_metadata success from ['https://download.rockylinux.org/stg/rocky/9/BaseOS/x86_64/os/']
19:32:00,018 DBG dnf: repo: using cache for: AppStream
19:32:00,018 DBG packaging: repo AppStream: _sync_metadata success from ['https://download.rockylinux.org/stg/rocky/9/AppStream/x86_64/os']
19:32:00,037 DBG dnf: repo: using cache for: anaconda
19:32:00,277 DBG dnf: anaconda: using metadata from Tue 14 Feb 2023 11:58:52 PM UTC.
19:32:00,278 DBG dnf: repo: using cache for: AppStream
19:32:01,233 DBG dnf: AppStream: using metadata from Wed 08 Feb 2023 04:58:44 PM UTC.
19:32:01,234 DBG dnf: User-Agent: constructed: 'libdnf (Rocky Linux 9.1; generic; Linux.x86_64)'
19:32:01,245 DDEBUG dnf: timer: sack setup: 1226 ms
19:32:01,245 DDEBUG dnf: Getting group metadata
19:32:01,246 DDEBUG dnf: Adding group file from repository: anaconda
19:32:01,253 DDEBUG dnf: Adding group file from repository: AppStream
19:32:01,273 DDEBUG dnf: timer: loading comps: 27 ms
19:32:01,274 INF packaging: Refreshing environment_addons
19:32:01,340 INF packaging: Failed to parse proxy for test if repo available : No host url
19:32:01,442 INF packaging: Failed to parse proxy for test if repo available : No host url
19:32:01,570 INF packaging: checking software selection
19:32:01,571 DBG packaging: disabling modules: []
19:32:01,572 DBG packaging: enabling modules: []
19:32:01,572 DBG packaging: applying DNF package/group/module selection
19:32:01,787 DDEBUG dnf: timer: depsolve: 6 ms
19:32:01,788 INF packaging: checking dependencies: success
19:32:01,824 DBG packaging: Input mount points: {'/dev': Size (4 MiB), '/dev/shm': Size (3.872745513916015625 GiB), '/run': Size (1.48761749267578125 GiB), '/': Size (1.138950347900390625 GiB), '/tmp': Size (3.849346160888671875 GiB), '/mnt/sysroot': 9125022924}
19:32:01,824 INF packaging: Estimated size: download 213.34 MiB & install 421.25 MiB
19:32:01,824 INF packaging: Sufficient mountpoints found: {'/mnt/sysroot': 9125022924}
19:32:01,825 DBG packaging: Install + download space required 634.59 MiB
19:32:01,825 INF packaging: 141 packages selected totalling 634.59 MiB
19:32:02,282 DBG packaging: Input mount points: {'/dev': Size (4 MiB), '/dev/shm': Size (3.872745513916015625 GiB), '/run': Size (1.48761749267578125 GiB), '/': Size (1.138950347900390625 GiB), '/tmp': Size (3.849346160888671875 GiB), '/mnt/sysroot': 9125022924}
19:32:02,282 INF packaging: Estimated size: download 213.34 MiB & install 421.25 MiB
19:32:02,282 INF packaging: Sufficient mountpoints found: {'/mnt/sysroot': 9125022924}
19:32:02,282 DBG packaging: Install + download space required 634.59 MiB
19:32:07,578 INF packaging: checking software selection
19:32:07,580 DBG packaging: disabling modules: []
19:32:07,581 DBG packaging: enabling modules: []
19:32:07,582 DBG packaging: applying DNF package/group/module selection
19:32:07,657 DBG dnf: Adding packages from group 'platform-kvm': {<libcomps.Package object 'qemu-guest-agent' at 0x7f32483cb6f0>}
19:32:07,657 WRN dnf: No match for group package "qemu-guest-agent"
19:32:07,662 DDEBUG dnf: timer: depsolve: 4 ms
19:32:07,663 INF packaging: checking dependencies: success
19:32:07,689 DBG packaging: Input mount points: {'/dev': Size (4 MiB), '/dev/shm': Size (3.872745513916015625 GiB), '/run': Size (1.48761749267578125 GiB), '/': Size (1.138916015625 GiB), '/tmp': Size (3.84926605224609375 GiB), '/mnt/sysroot': Size (9.227691650390625 GiB), '/mnt/sysroot/dev/shm': Size (3.87274932861328125 GiB), '/mnt/sysroot/tmp': Size (3.87274932861328125 GiB)}
19:32:07,689 INF packaging: Estimated size: download 213.34 MiB & install 421.25 MiB
19:32:07,689 INF packaging: Sufficient mountpoints found: {'/mnt/sysroot': Size (9.227691650390625 GiB), '/mnt/sysroot/tmp': Size (3.87274932861328125 GiB)}
19:32:07,689 DBG packaging: Install + download space required 634.59 MiB
19:32:07,689 INF packaging: 141 packages selected totalling 634.59 MiB
19:32:07,716 DBG packaging: Input mount points: {'/dev': Size (4 MiB), '/dev/shm': Size (3.872745513916015625 GiB), '/run': Size (1.48761749267578125 GiB), '/': Size (1.138916015625 GiB), '/tmp': Size (3.84926605224609375 GiB), '/mnt/sysroot': Size (9.227691650390625 GiB), '/mnt/sysroot/dev/shm': Size (3.87274932861328125 GiB), '/mnt/sysroot/tmp': Size (3.87274932861328125 GiB)}
19:32:07,716 INF packaging: Estimated size: download 213.34 MiB & install 421.25 MiB
19:32:07,716 INF packaging: Sufficient mountpoints found: {'/mnt/sysroot': Size (9.227691650390625 GiB), '/mnt/sysroot/tmp': Size (3.87274932861328125 GiB)}
19:32:07,716 INF packaging: Mountpoint /mnt/sysroot/tmp picked as download location
19:32:07,717 INF packaging: Downloading packages to /mnt/sysroot/tmp/dnf.package.cache.
19:32:08,752 INF packaging: Downloading packages finished.
19:32:08,775 INF dnf: Running transaction check
19:32:08,891 INF dnf: Transaction check succeeded.
19:32:08,891 INF dnf: Running transaction test
19:32:09,319 INF dnf: Transaction test succeeded.
19:32:09,320 DDEBUG dnf: timer: transaction test: 428 ms
19:32:09,320 INF dnf: Running transaction
19:32:09,320 DBG dnf: RPMDB altered outside of DNF.
19:32:10,629 DDEBUG dnf: RPM transaction start.
19:32:10,856 INF packaging: Configuring (running scriptlet for): filesystem-3.16-2.el9.x86_64 1652704127 211e67cf31d096ca3f4bbddcdf6116afa821997e61e9c07d29c3c6e53546e697
19:32:11,044 INF packaging: Installed: libgcc-11.3.1-2.1.el9.x86_64 1664299297 4f08aeb27f7f8e04110528b8d6b09dbf457bd9b024aad3c1881a22c3325b0878
19:32:11,084 INF packaging: Configuring (running scriptlet for): libgcc-11.3.1-2.1.el9.x86_64 1664299297 4f08aeb27f7f8e04110528b8d6b09dbf457bd9b024aad3c1881a22c3325b0878
19:32:11,085 INF packaging: Installed: crypto-policies-20220815-1.git0fbe86f.el9.noarch 1667325337 19493dd6c62c23814b888f968a5d703c4ae2451cbbb9fc5f534899f1b41778a6
19:32:11,118 INF packaging: Configuring (running scriptlet for): crypto-policies-20220815-1.git0fbe86f.el9.noarch 1667325337 19493dd6c62c23814b888f968a5d703c4ae2451cbbb9fc5f534899f1b41778a6
19:32:11,121 INF packaging: Installed: tzdata-2022g-1.el9_1.noarch 1670258488 9745a3812425b1e823c379a76a51bcc74f8b4a7cd51b54f141cc514dda54cf68
19:32:11,468 INF packaging: Installed: libreport-filesystem-2.15.2-6.el9.rocky.0.2.noarch 1654535615 60952dd5abd60750912b1b20aa161f03be7d7bff43714500c9ac867d8fdd10bf
19:32:11,475 INF packaging: Installed: dnf-data-4.12.0-4.el9.noarch 1668504514 1db9f469978a13a2b7325f547139537f7edf2a85c9cd232951b18a8cdc07785a
19:32:11,484 INF packaging: Installed: ncurses-base-6.2-8.20210508.el9.noarch 1653576260 57fcfb2ebb3c885a94c3c3ca290a13e597fad33726f555933ebb216270bc7937
19:32:11,539 INF packaging: Installed: rocky-gpg-keys-9.1-1.11.el9.noarch 1670912146 1d311962b20682126f65c19210549ac0164575701c6479fbbea390dd860c9027
19:32:11,546 INF packaging: Installed: rocky-repos-9.1-1.11.el9.noarch 1670912146 b5bbb044fbac61f4901a1b1caa5b6ed94618be161176c171ca4d732a1385c97e
19:32:11,554 INF packaging: Installed: rocky-release-9.1-1.11.el9.noarch 1670912146 e115c3b62bdfef635395d345c0e01cc5196f8dda6e045081a93e718dbdbabf10
19:32:11,565 INF packaging: Installed: setup-2.13.7-7.el9.noarch 1667109077 7cd4049d3e408b2817146cf13b081f71e511b63226db122df744d54b31d1d4db
19:32:11,580 INF packaging: Configuring (running scriptlet for): setup-2.13.7-7.el9.noarch 1667109077 7cd4049d3e408b2817146cf13b081f71e511b63226db122df744d54b31d1d4db
19:32:11,588 INF packaging: Installed: filesystem-3.16-2.el9.x86_64 1652704127 211e67cf31d096ca3f4bbddcdf6116afa821997e61e9c07d29c3c6e53546e697
19:32:11,668 INF packaging: Installed: basesystem-11-13.el9.noarch 1652267550 759a53df902b6dc0db856ae3c021f99b7a9ce65d76ea7da268b2042001c5ff5d
19:32:11,673 INF packaging: Installed: bash-5.1.8-6.el9_1.x86_64 1674513826 7df53740511c98bf16b170c321352d3202987696cedbebd3d4a25ca44d4eff32
19:32:11,702 INF packaging: Configuring (running scriptlet for): bash-5.1.8-6.el9_1.x86_64 1674513826 7df53740511c98bf16b170c321352d3202987696cedbebd3d4a25ca44d4eff32
19:32:11,702 INF packaging: Installed: ncurses-libs-6.2-8.20210508.el9.x86_64 1653576260 a48e28ac588578dbb085f4bb6f7c7a84a12680fc4133dbe143d72bfb518611d9
19:32:11,718 INF packaging: Installed: glibc-minimal-langpack-2.34-40.el9_1.1.x86_64 1674515022 ed64c0bdf03b17514e7080e63eade1d8d9a82532e9c9a21c5caab859fc5c86ad
19:32:11,724 INF packaging: Installed: glibc-common-2.34-40.el9_1.1.x86_64 1674515022 6aa7db7868d36cbaf0bc1477a6c93ee1cedd1a44f19d18d71c77cffdeec1d4a1
19:32:11,744 INF packaging: Configuring (running scriptlet for): glibc-2.34-40.el9_1.1.x86_64 1674515022 939c93b65bf390b73e540b2f487c2fa758a92078ffb5738a9df3c8422f917ff1
19:32:11,744 INF packaging: Installed: glibc-2.34-40.el9_1.1.x86_64 1674515022 939c93b65bf390b73e540b2f487c2fa758a92078ffb5738a9df3c8422f917ff1
19:32:11,787 INF packaging: Configuring (running scriptlet for): glibc-2.34-40.el9_1.1.x86_64 1674515022 939c93b65bf390b73e540b2f487c2fa758a92078ffb5738a9df3c8422f917ff1
19:32:11,803 INF packaging: Installed: zlib-1.2.11-35.el9_1.x86_64 1674517386 e4eb5b466ad300de97486e160bbb9ead678451256c87ec119f79c312dcbe0f06
19:32:11,811 INF packaging: Installed: bzip2-libs-1.0.8-8.el9.x86_64 1652703093 9d88efca766d67129bf9e94f4fed072e6faf74fb8d905b1f37a5eefddcb248b2
19:32:11,818 INF packaging: Installed: xz-libs-5.2.5-8.el9_0.x86_64 1655269093 7a6f5891537bbbf601ee574c5946c3f0f121369b85c6cdfdd07e974a4dc8d81d
19:32:11,826 INF packaging: Installed: libzstd-1.5.1-2.el9.x86_64 1653582655 517b3080de2e0891cc346ba6b1548ef438b95dbede0e6e7a6deae89fc241f5bc
19:32:11,836 INF packaging: Installed: sqlite-libs-3.34.1-6.el9_1.x86_64 1674516594 128992e15f0a2a5361bb8240cf962c21feb450f4cb8652f7e9e023b6b0188bed
19:32:11,850 INF packaging: Installed: popt-1.18-8.el9.x86_64 1652704144 4306e6bb950191170669ccbfe904bf943a94736e910179f9b0db962148fe4bcf
19:32:11,858 INF packaging: Installed: libxcrypt-4.4.18-3.el9.x86_64 1653510262 e3c178ed2e04ac25699d5af612fad51694a23f5d544b72cab2f65d35b8db5f28
19:32:11,868 INF packaging: Installed: libcap-2.48-8.el9.x86_64 1653510148 ea27444667e8694ba61311ad88938deb88d9c5a9dd79b9d98c1d96363a9e8cd3
19:32:11,879 INF packaging: Installed: libuuid-2.37.4-9.el9.x86_64 1668635673 36e512defe7f4af96203dd0796a87e454f3e65c40ae8ae02b54ed81a388edcbf
19:32:11,887 INF packaging: Installed: libgpg-error-1.42-5.el9.x86_64 1653510224 7d48fb4ca1e935a491cb02a85abdd5b91b329168962c1b11ca434c2b80c079fa
19:32:11,898 INF packaging: Installed: libstdc++-11.3.1-2.1.el9.x86_64 1664299297 443468216e0590859fe50e2b6c6dac4959b153f4bcda0f10ce90a232c3562800
19:32:11,920 INF packaging: Installed: libxml2-2.9.13-3.el9_1.x86_64 1674520819 c5e27042c1a468c3d96bdd521d19d27c5a2db6dd0297792b7edfdbc3aa9ddeae
19:32:11,935 INF packaging: Installed: elfutils-libelf-0.187-5.el9.x86_64 1664382960 93b48cbd3702e121ffe1d4b042e14753fddf4ef296e1f8bb5b863fbb727f65ef
19:32:11,944 INF packaging: Installed: lua-libs-5.4.2-4.el9_0.3.x86_64 1667404853 453215e5c82cb11a229a42f46a8a9e84db8fb49e4a56469d01e1d843297e4176
19:32:11,955 INF packaging: Installed: readline-8.1-4.el9.x86_64 1652703611 b85f5cffef627afe640cf7405845cb45956d66ef5a06e7c48dc7da47a7191674
19:32:11,965 INF packaging: Installed: libsmartcols-2.37.4-9.el9.x86_64 1668635673 cadff45d9419a2f31528c47ccd0647c6068eeaa57acba041a9b7bd7c788b212a
19:32:11,974 INF packaging: Installed: file-libs-5.39-10.el9.x86_64 1668504541 7c0bfc0c47f9458a0fb9a522546dbc4dc97f5f44c3c53429c003a9640bc909e1
19:32:12,001 INF packaging: Installed: libattr-2.5.1-3.el9.x86_64 1653510145 77742a1097d81c384b8c7529e3c049fb7de206b773ad230553be99ba5c9d9fc1
19:32:12,008 INF packaging: Installed: libacl-2.3.1-3.el9.x86_64 1652266119 5b215deea69f4b6db45c47425741206e49e1f03dc754287e550bb898d62aa68e
19:32:12,015 INF packaging: Installed: libffi-3.4.2-7.el9.x86_64 1653509725 e019d481306d9fc56086b82ff543cbac94577db0d7d46378664f176e71fcfafd
19:32:12,023 INF packaging: Installed: p11-kit-0.24.1-2.el9.x86_64 1653576499 2e9ba88f7638b89033dd8e3559f9c5c0a84cfa40110d061131391283eff07017
19:32:12,039 INF packaging: Installed: libcom_err-1.46.5-3.el9.x86_64 1667181053 26b79a65d0f19b95c949e9bb06bbabbea995e78480a6581deae3cf608dd20d42
19:32:12,048 INF packaging: Installed: libassuan-2.5.5-3.el9.x86_64 1652704070 5d5e555c9c4dfbd293acdc0ae739b41e635a2239a2c41ce11aafedd1d1ed54f4
19:32:12,055 INF packaging: Installed: libgcrypt-1.10.0-8.el9_0.x86_64 1667404868 635c8e03412f463041d31deae578ffc126b66852511443bcfe50c7918d68a62f
19:32:12,067 INF packaging: Installed: expat-2.4.9-1.el9_1.1.x86_64 1674524123 244358c7ae2fc37d00d58448c53a86158871a3d28d9c3c4f655510a097bd50a7
19:32:12,079 INF packaging: Installed: alternatives-1.20-2.el9.x86_64 1652446486 7d217d43e548a46af3126f6251312ecc359997fb7aa7046c4f859188a4fda602
19:32:12,088 INF packaging: Installed: lz4-libs-1.9.3-5.el9.x86_64 1652703415 60f82f4c3f76a543ab247acb37cb439d9de9e40c410ac2f315d6805717d6283e
19:32:12,096 INF packaging: Installed: libcap-ng-0.8.2-7.el9.x86_64 1652703377 eb8a42e8ac59905dfa2aa1530e4fb7a0b994ff4ae5ee79dd4557f972f1316ae8
19:32:12,104 INF packaging: Installed: audit-libs-3.0.7-103.el9.x86_64 1666652425 a3110e4e37d4c521a167bb1e4277fdf1211c3d2922ee02da0c3397f909fddba6
19:32:12,115 INF packaging: Installed: libsigsegv-2.13-4.el9.x86_64 1652567842 a80701bd3f67994493b1a14e043d9212032c86fd24374c309cf2b7006900f4da
19:32:12,122 INF packaging: Installed: gdbm-libs-1:1.19-4.el9.x86_64 1652195596 da032f6a47afb847153322df72e8d01d239e4481ac1750d195cf396393d11066
19:32:12,130 INF packaging: Installed: libunistring-0.9.10-15.el9.x86_64 1652703686 7e8b90a282ec310de6766619056296bdf666f3040f22cff211cd52710b39ece5
19:32:12,143 INF packaging: Installed: gmp-1:6.2.0-10.el9.x86_64 1653509725 d856fd9f88334488516904a391d204ecbaf60bcdfc442b3aae7951d903531c3e
19:32:12,159 INF packaging: Installed: libsepol-3.4-1.1.el9.x86_64 1666651655 d95a8bf473621af7d430ef433b4da9738358ff6c77bbc3300d33ba5b3e64df1c
19:32:12,169 INF packaging: Installed: libtasn1-4.16.0-8.el9_1.x86_64 1674521524 f62a78a4d12241611733a45d896511c9825d06116373f4277e08acbae7565322
19:32:12,178 INF packaging: Installed: p11-kit-trust-0.24.1-2.el9.x86_64 1653576499 f3323fd8f94b5590ce6b8a191db48315eee46e1f4c5b1902b1c0b14982dc4b34
19:32:12,188 INF packaging: Configuring (running scriptlet for): p11-kit-trust-0.24.1-2.el9.x86_64 1653576499 f3323fd8f94b5590ce6b8a191db48315eee46e1f4c5b1902b1c0b14982dc4b34
19:32:12,197 INF packaging: Installed: pcre-8.44-3.el9.3.x86_64 1653563012 167b0160dfe4bda726ed0f47e3773d6d4ee73dc032f5c09e768ffd4ac5681d71
19:32:12,209 INF packaging: Installed: grep-3.6-5.el9.x86_64 1652712553 9c1beaec9264e08459f9097c9bd58aa6118293df47d6f07f8054054cc7c40544
19:32:12,220 INF packaging: Installed: json-c-0.14-11.el9.x86_64 1653563011 e2e487e4b6d48595612b0785963f0a4294e5dbea8500284ff0df4571afe79c8f
19:32:12,232 INF packaging: Installed: keyutils-libs-1.6.1-4.el9.x86_64 1652484889 61b82a7de4daa30136da5dd33e88b57d7d867226c4edc8c2c89696caf56ecb5e
19:32:12,241 INF packaging: Installed: mpfr-4.1.0-7.el9.x86_64 1653510195 88e46af29bde609d8f414313d0090e30501cc38ddf5c6a1bffe34ae896ca936e
19:32:12,251 INF packaging: Installed: gawk-5.1.0-6.el9.x86_64 1652446843 eaca68b315d6c2ef5ec30deaf9b7c38401e2ed0169972d158fd88b917e8a47dc
19:32:12,279 INF packaging: Installed: libidn2-2.3.0-7.el9.x86_64 1652703429 be32d8ba7ff8cf790c15d89c5ea18747d7fcc0126782a0e80f15901bb9889b31
19:32:12,290 INF packaging: Installed: libcomps-0.1.18-1.el9.x86_64 1652567952 1714940a5678ee506f21fe9ca5ad1e8b8feb17807e063d5e3fc156fb09ba3bc3
19:32:12,298 INF packaging: Installed: libksba-1.5.1-6.el9_1.x86_64 1675786253 5cd9485fd835a0983a721ec5fa85a17465ded2db2f90b4c8c567a71a2a97861f
19:32:12,312 INF packaging: Installed: libverto-0.3.2-3.el9.x86_64 1652703457 f430f1b95b7467c461c7a745eba07beab00306984f2f21ecfcc04f37100405d1
19:32:12,319 INF packaging: Installed: libdb-5.3.28-53.el9.x86_64 1652703451 4c87bc54f960cf432c39f575a3d77109187e8a07fc1ecf535d719c52c72f87bd
19:32:12,333 INF packaging: Installed: libnghttp2-1.43.0-5.el9.x86_64 1652703914 9d6bfc82d2bc870978041d4ee40d4e23375ccf9f9bb26b31d8d20973d1bd8d49
19:32:12,342 INF packaging: Installed: nettle-3.8-3.el9_0.x86_64 1665475865 8b26d9abcaeadde048555c7187753b64172be4cca206f704ddf2319772bc4beb
19:32:12,354 INF packaging: Installed: gnutls-3.7.6-12.el9_0.x86_64 1665527207 cdb4835910abf0dcf7448a5a52007898d1a133a479c8b6f516132c4278fc48b2
19:32:12,383 INF packaging: Installed: npth-1.6-8.el9.x86_64 1653562966 a96a4af76f58645fe34c526c684a45a5a97642c1836bfb3a91ef29520cb21324
19:32:12,391 INF packaging: Installed: libyaml-0.2.5-7.el9.x86_64 1653563012 8e132d6f32d0bbca9abebc1b62443e1e7fddf873e02d9c1084dce50a87740b09
19:32:12,399 INF packaging: Installed: libgomp-11.3.1-2.1.el9.x86_64 1664299297 092e69572701b213a59f887348618481f9cd8922615ea6e3db385373f3730321
19:32:12,408 INF packaging: Installed: libeconf-0.4.1-2.el9.x86_64 1652703729 2ef3d964f8c8bdb4df85827fbc0ae96c9ba37a46bb7b4b1da47fbb030658b06c
19:32:12,416 INF packaging: Installed: elfutils-default-yama-scope-0.187-5.el9.noarch 1664382961 c6aee1c4b45ede877d72b6b0a8b0fa62bf4e3bd5d489eb1615faf121a85c52a8
19:32:12,422 INF packaging: Configuring (running scriptlet for): elfutils-default-yama-scope-0.187-5.el9.noarch 1664382961 c6aee1c4b45ede877d72b6b0a8b0fa62bf4e3bd5d489eb1615faf121a85c52a8
19:32:12,428 INF packaging: Installed: elfutils-libs-0.187-5.el9.x86_64 1664382960 864a3147975be6acdfd416a71f9d5ce4be0c75c35ceb362fe021be14e622714b
19:32:12,439 INF packaging: Installed: python3-setuptools-wheel-53.0.0-10.el9.noarch 1652703851 fbae8b6248b894e17d67f577411ba769ba2b935ddc014e1fd11380adf2d75ebf
19:32:12,447 INF packaging: Installed: pcre2-syntax-10.40-2.el9.noarch 1667115951 b121946dd77d3aa907935fd04730c8447758fb96102c332652815eea129246f3
19:32:12,456 INF packaging: Installed: pcre2-10.40-2.el9.x86_64 1667115951 9c309aff834d55fffcb84b175032869d2d93656ec6a78df2b7cf7dd44319c1aa
19:32:12,468 INF packaging: Installed: libselinux-3.4-3.el9.x86_64 1666652085 dcc8c4e77e8afab801a53df7f5ddbd3bb835db513d661e71aa407448a196a9c5
19:32:12,477 INF packaging: Installed: coreutils-single-8.32-32.el9.x86_64 1667184053 3b645e8f68f3a1fe3a49e2f58653b321eaf8ef433dbb7230c03af0eca696127a
19:32:12,516 INF packaging: Installed: libblkid-2.37.4-9.el9.x86_64 1668635673 df1d5cece352aa7e9803f2d03099812ab83bbd44a71f9040fa00a50598a972fc
19:32:12,524 INF packaging: Configuring (running scriptlet for): libblkid-2.37.4-9.el9.x86_64 1668635673 df1d5cece352aa7e9803f2d03099812ab83bbd44a71f9040fa00a50598a972fc
19:32:12,529 INF packaging: Installed: libmount-2.37.4-9.el9.x86_64 1668635673 1406e718584454eb4b42f4f8023fc7c6c79f4ce4132348927cf028669bd58675
19:32:12,541 INF packaging: Installed: glib2-2.68.4-5.el9.x86_64 1652703048 f8be91c7d2880bca63ef4a09df6490ffd1a6c72f62f2fc477eaca1f1742e7812
19:32:12,579 INF packaging: Installed: sed-4.8-9.el9.x86_64 1652712399 005c959166838b0e45f02e699c35ec5449025e2463751c56b7e614bbd9514732
19:32:12,589 INF packaging: Configuring (running scriptlet for): ca-certificates-2022.2.54-90.2.el9.noarch 1663691676 e15300a31a977172c117e7bbcdf82eb41ffac66505929a5dca5bab99528b4658
19:32:12,594 INF packaging: Installed: ca-certificates-2022.2.54-90.2.el9.noarch 1663691676 e15300a31a977172c117e7bbcdf82eb41ffac66505929a5dca5bab99528b4658
19:32:12,615 INF packaging: Configuring (running scriptlet for): ca-certificates-2022.2.54-90.2.el9.noarch 1663691676 e15300a31a977172c117e7bbcdf82eb41ffac66505929a5dca5bab99528b4658
19:32:13,102 INF packaging: Installed: openssl-libs-1:3.0.1-43.el9_0.x86_64 1667327813 e050874188327c25260ea4c8e2ab8bfa1d412d475d79c17cdbbb56d17df44f85
19:32:13,134 INF packaging: Installed: systemd-libs-250-12.el9_1.1.x86_64 1674504335 b52ffc57b4b1c50d86e72abefd4adf16679ea079f5173f0c0544d2cdb9437e3a
19:32:13,149 INF packaging: Configuring (running scriptlet for): systemd-libs-250-12.el9_1.1.x86_64 1674504335 b52ffc57b4b1c50d86e72abefd4adf16679ea079f5173f0c0544d2cdb9437e3a
19:32:13,162 INF packaging: Installed: krb5-libs-1.19.1-24.el9_1.x86_64 1669653670 e8078d3f795f7d6bdaffb9eb434e165139b60c38ba036d7dcd5a9aafb9a82926
19:32:13,183 INF packaging: Installed: libcurl-minimal-7.76.1-19.el9_1.1.x86_64 1674524847 bc08a1f59a8a5bb57739b131aaf62d777b65968b7a68787641f69ab5f084e652
19:32:13,191 INF packaging: Installed: elfutils-debuginfod-client-0.187-5.el9.x86_64 1664382960 94824b10f2eb2d17faacf39207d37ee8d1bacd2ebf2f948369e8e5fb04c39452
19:32:13,200 INF packaging: Installed: binutils-gold-2.35.2-24.el9.x86_64 1664385375 ce9ebbf8758ee9e5abea17f4507fcf7be77a47c122bd392c8677a2d508857188
19:32:13,213 INF packaging: Installed: binutils-2.35.2-24.el9.x86_64 1664385375 9e8f037c4fbd17c7e65789b444524e737ccfa6445c4c275e9f64c490f2e7f64d
19:32:13,265 INF packaging: Configuring (running scriptlet for): binutils-2.35.2-24.el9.x86_64 1664385375 9e8f037c4fbd17c7e65789b444524e737ccfa6445c4c275e9f64c490f2e7f64d
19:32:13,272 INF packaging: Installed: curl-minimal-7.76.1-19.el9_1.1.x86_64 1674524847 775c2336d74c7b837cf5878483c88f5e623ba2c9283899c5a66cb8d807506057
19:32:13,280 INF packaging: Installed: cyrus-sasl-lib-2.1.27-20.el9.x86_64 1652703050 a278260b166c28ca63f2cfdf618b806c9296e305a9f33837e20d77e85effd1e7
19:32:13,298 INF packaging: Installed: util-linux-core-2.37.4-9.el9.x86_64 1668635673 e94acb7cd59be0e8adcac2a3f3a49ec143889444cb7e5e42059d678b2c02cc69
19:32:13,328 INF packaging: Configuring (running scriptlet for): util-linux-core-2.37.4-9.el9.x86_64 1668635673 e94acb7cd59be0e8adcac2a3f3a49ec143889444cb7e5e42059d678b2c02cc69
19:32:13,333 INF packaging: Installed: libarchive-3.5.3-3.el9.x86_64 1667252026 dc4e32a09b60770509783eb00530f9e1fd3f7d6fa5d5e2f81646b2a7c536f502
19:32:13,344 INF packaging: Installed: rpm-libs-4.16.1.3-19.el9_1.x86_64 1668530545 6ad341c5eb0493a5048e0ca10a7d6fc3051d630224a419b194cd585b83810798
19:32:13,354 INF packaging: Installed: rpm-4.16.1.3-19.el9_1.x86_64 1668530545 18038207d5c1feda4671ba3c5f7b33e2979009acedef0485ac7ee86b3584a3ff
19:32:13,402 INF packaging: Installed: libsolv-0.7.22-1.el9.x86_64 1667095315 e3df8f521419428bb52d1214e20cc51da44ac98884bf54268f02cdd9d0b155a1
19:32:13,412 INF packaging: Installed: libmodulemd-2.13.0-2.el9.x86_64 1653510146 c26a812e5a8757489a7e8c01426a5d65e3b4c7f05394d38ecb5eeddff670ecbe
19:32:13,424 INF packaging: Installed: rpm-build-libs-4.16.1.3-19.el9_1.x86_64 1668530545 1b579a57c733a35845efb381efc58dbd5d22fbb2bd16ee8d8a494d7b2b7a827e
19:32:13,432 INF packaging: Installed: openssl-1:3.0.1-43.el9_0.x86_64 1667327813 980f3076d19da8d70013bd3f0129d6ca3800379ed1f8333ee3b252814580b5e2
19:32:13,447 INF packaging: Installed: libevent-2.1.12-6.el9.x86_64 1652801006 4d104f653aa702ba18bc45f5bd4b1f2853b70a8c1cdd64c255570570d20ca91d
19:32:13,459 INF packaging: Installed: openldap-2.6.2-3.el9.x86_64 1667289489 68c7793744fdd3b743fde89e31adeae7679a49bb0d28dba1c65508bbe77d222c
19:32:13,473 INF packaging: Installed: gnupg2-2.3.3-2.el9_0.x86_64 1663705844 ac9e8c035ce0b851d1cf9d959c74d80460d82610d5705e8e9c4496cc7578a093
19:32:13,522 INF packaging: Installed: gpgme-1.15.1-6.el9.x86_64 1652446468 b1f03906b959728fcd17854010d6e1d64cfd42e418a72add2e4bc9cb8b3b1b8d
19:32:13,532 INF packaging: Installed: librepo-1.14.2-3.el9.x86_64 1667287125 061005107f57ee54aa9960cd478e89938430f500850ed393b2420ab37b521b73
19:32:13,540 INF packaging: Installed: libdnf-0.67.0-3.el9.x86_64 1668505708 fe1dfb36262bc27d16592221115dd2516b54edcb67950d0bf5a266310ad7c0e9
19:32:13,555 INF packaging: Installed: python3-pip-wheel-21.2.3-6.el9.noarch 1652703398 26575ba43d3d168e7846d88179529db54c51ac4ccbc56b799ebca3511d83f337
19:32:13,566 INF packaging: Installed: python3-3.9.14-1.el9_1.1.x86_64 1668611531 575f96ed0a4bea9ce50c1148d39a6986f6bb13fdcf064c445d956f87caeba425
19:32:13,576 INF packaging: Installed: python3-libs-3.9.14-1.el9_1.1.x86_64 1668611531 53cfd72d6962cef8af6ec69751a8439ae723cf387edd96367945b9bb2f306709
19:32:14,376 INF packaging: Installed: python3-libdnf-0.67.0-3.el9.x86_64 1668505708 6a7265766db9b6450b0194665984ff306fcac9854e383ffcb1d9d9f14a629c07
19:32:14,405 INF packaging: Installed: python3-hawkey-0.67.0-3.el9.x86_64 1668505708 ee396ab7c340bdc0813149cd64c14b277c3f2bae4d439957a5ae4fb06e6a9ebd
19:32:14,417 INF packaging: Installed: python3-libcomps-0.1.18-1.el9.x86_64 1652567952 11340835e8dd98ea9e9f3bf4e4b5f0c3c43a8aa60c7703ae7923b6c45c05aa05
19:32:14,429 INF packaging: Installed: python3-gpg-1.15.1-6.el9.x86_64 1652446468 72188c95aa7428a19161e7cc893cbae63a6a197c525615c993691c2f26ebc259
19:32:14,465 INF packaging: Installed: libfdisk-2.37.4-9.el9.x86_64 1668635673 65a6032b3db8ef01095d18921cf448760942db80c51a946489f6e37fab31bc51
19:32:14,475 INF packaging: Installed: gzip-1.12-1.el9.x86_64 1667088950 cd22e3e9e04436c7463f0fd1cb44c816421fd62bd17336081a7453fd646a5c29
19:32:14,489 INF packaging: Installed: cracklib-2.9.6-27.el9.x86_64 1654018888 05abbfe7039c63fd1f3e9c216beec6edfda60568ee2f12e203f126dd2b618877
19:32:14,501 INF packaging: Installed: cracklib-dicts-2.9.6-27.el9.x86_64 1654018888 5ba79a7ce247aa40f1f9d95a917c054210a931070d059ebf1614a34461b5432c
19:32:14,538 INF packaging: Installed: libpwquality-1.4.4-8.el9.x86_64 1653510445 d572dfa42d099b58e29fc0c1431c80e1baa4d0555265f79b1a346ebe99ac9ae1
19:32:14,550 INF packaging: Installed: pam-1.5.1-12.el9.x86_64 1667227218 e63ce14e484b9420ed43e1781f0f4d11f43c05b70cbf63b3d4825ba23d63fe8b
19:32:14,594 INF packaging: Installed: libuser-0.63-11.el9.x86_64 1668582676 c9a2a1fbae32bf9db130024e111bb81519024beb3cde16e1ec6baaa66a6257fb
19:32:14,613 INF packaging: Installed: passwd-0.80-12.el9.x86_64 1652567950 384c9c8bb73500e55cf4b1aa68644c857a80cf85f0015e7ac453cec66e0eb439
19:32:14,623 INF packaging: Installed: libsemanage-3.4-2.el9.x86_64 1666653333 e2d622179bf8f1853d6399b2ef5a4b083b3fd04f0a70388d075570c79d249d81
19:32:14,634 INF packaging: Installed: shadow-utils-2:4.9-5.el9.x86_64 1667259214 67516121e78afa3a3f38103d45c8b43f7eb58fae1defb85aa0cd3559a372c7ad
19:32:14,660 INF packaging: Configuring (running scriptlet for): libutempter-1.2.1-6.el9.x86_64 1652703699 146dca82c8f1df8135ae7d5cc4aa4af35e02e60f1f61143badc9c5f7ff5029b9
19:32:14,718 INF packaging: Installed: libutempter-1.2.1-6.el9.x86_64 1652703699 146dca82c8f1df8135ae7d5cc4aa4af35e02e60f1f61143badc9c5f7ff5029b9
19:32:14,728 INF packaging: Installed: util-linux-2.37.4-9.el9.x86_64 1668635673 36e384bf8466d6a5e036c64e2e6fd9714687b355a48bf15753128db6e82064bc
19:32:14,812 INF packaging: Configuring (running scriptlet for): tpm2-tss-3.0.3-8.el9.x86_64 1667323552 e3228cc78c7d9005b11f1226030d7d5e804aae98b59096c6dcc44b392d44ec56
19:32:14,881 INF packaging: Installed: tpm2-tss-3.0.3-8.el9.x86_64 1667323552 e3228cc78c7d9005b11f1226030d7d5e804aae98b59096c6dcc44b392d44ec56
19:32:14,902 INF packaging: Installed: ima-evm-utils-1.4-4.el9.x86_64 1653563013 83a46a931ba14d6171748d9c1fc3d68179e544c626c92394bf48ea02d56a8828
19:32:14,912 INF packaging: Installed: rpm-sign-libs-4.16.1.3-19.el9_1.x86_64 1668530545 c54bd710fd6f5561f36aaf26f92c034972c156c85d7a28557f25b804c93c3837
19:32:14,921 INF packaging: Installed: python3-rpm-4.16.1.3-19.el9_1.x86_64 1668530545 b1179e9ea7566df7162b4086607f327fc504f9c9016b869fa40ed7ac969ea441
19:32:14,932 INF packaging: Installed: python3-dnf-4.12.0-4.el9.noarch 1668504514 40e598082d8126fbb22b573cec374321ff6aa2870ddc3a1a0e8d8cb1798c24e2
19:32:15,014 INF packaging: Installed: dnf-4.12.0-4.el9.noarch 1668504514 62f551f5861cb2745b3f63fd4b9a0de3a86666d3badf2e486f7b3bd30ba41c3d
19:32:15,026 INF packaging: Configuring (running scriptlet for): dnf-4.12.0-4.el9.noarch 1668504514 62f551f5861cb2745b3f63fd4b9a0de3a86666d3badf2e486f7b3bd30ba41c3d
19:32:15,031 INF packaging: Installed: yum-4.12.0-4.el9.noarch 1668504514 505f9105d26f15179e8f43f6c0eeb18c79557794e7b17cb586e1fb07fded0e9f
19:32:15,038 INF packaging: Installed: usermode-1.114-4.el9.x86_64 1652703783 d8161024f8c7f18775686b906f049801da72b5e329a8648219cebaac7cb2152f
19:32:15,049 INF packaging: Installed: crypto-policies-scripts-20220815-1.git0fbe86f.el9.noarch 1667325337 794b7be7411f7ec70674f8b06ac1b40acedeb420933a4eff8d97dffe96305efc
19:32:15,077 INF packaging: Installed: libusbx-1.0.26-1.el9.x86_64 1667090791 efb7bf9c0660d748c2813bf9a37a89de988536888bfe6d7d71fc27dbccb8ee27
19:32:15,085 INF packaging: Installed: findutils-1:4.8.0-5.el9.x86_64 1652567917 f09cd6157ee2eb1e8f0f7984c9a7732aa068053f34c608a1f77f47bf9798fe25
19:32:15,097 INF packaging: Installed: tar-2:1.34-5.el9.x86_64 1667244804 71a5de6b6d6905ef45b580476461e77c73a3f28d1237722c30120ffb392c5a8a
19:32:15,110 INF packaging: Installed: vim-minimal-2:8.2.2637-16.el9_0.3.x86_64 1660063674 9de5835dc53e1f1cf2f0e252d73b7d2e71c5e1842eed648cd8d84ed92a1d809e
19:32:15,123 INF packaging: Installed: hostname-3.23-6.el9.x86_64 1652704041 658af28fb988c2a37db0c872f9c68bedc431796bad421a422d6f9100420336e0
19:32:15,132 INF packaging: Configuring (running scriptlet for): hostname-3.23-6.el9.x86_64 1652704041 658af28fb988c2a37db0c872f9c68bedc431796bad421a422d6f9100420336e0
19:32:15,137 INF packaging: Installed: less-590-1.el9_0.x86_64 1655269092 86639de1449c49fd5a4be5976dd7bf30a18e9bd5b344473800017cd756333ded
19:32:15,150 INF packaging: Installed: rootfiles-8.1-31.el9.noarch 1652267576 49408b8b01e8b22c24a8f279eda038e901ec907495560c034e78435f3a029123
19:32:15,151 INF packaging: Post installation setup phase started.
19:32:15,162 INF packaging: Configuring (running scriptlet for): filesystem-3.16-2.el9.x86_64 1652704127 211e67cf31d096ca3f4bbddcdf6116afa821997e61e9c07d29c3c6e53546e697
19:32:15,170 INF packaging: Configuring (running scriptlet for): ca-certificates-2022.2.54-90.2.el9.noarch 1663691676 e15300a31a977172c117e7bbcdf82eb41ffac66505929a5dca5bab99528b4658
19:32:15,655 INF packaging: Configuring (running scriptlet for): rpm-4.16.1.3-19.el9_1.x86_64 1668530545 18038207d5c1feda4671ba3c5f7b33e2979009acedef0485ac7ee86b3584a3ff
19:32:15,660 INF packaging: Configuring (running scriptlet for): crypto-policies-scripts-20220815-1.git0fbe86f.el9.noarch 1667325337 794b7be7411f7ec70674f8b06ac1b40acedeb420933a4eff8d97dffe96305efc
19:32:15,747 INF packaging: Configuring (running scriptlet for): rootfiles-8.1-31.el9.noarch 1652267576 49408b8b01e8b22c24a8f279eda038e901ec907495560c034e78435f3a029123
19:32:15,760 INF packaging: Configuring (running scriptlet for): rootfiles-8.1-31.el9.noarch 1652267576 49408b8b01e8b22c24a8f279eda038e901ec907495560c034e78435f3a029123
19:32:15,788 INF packaging: Configuring (running scriptlet for): rootfiles-8.1-31.el9.noarch 1652267576 49408b8b01e8b22c24a8f279eda038e901ec907495560c034e78435f3a029123
19:32:15,804 DDEBUG dnf: RPM transaction over.
19:32:15,820 INF packaging: Verifying: yum-4.12.0-4.el9.noarch 1668504514 505f9105d26f15179e8f43f6c0eeb18c79557794e7b17cb586e1fb07fded0e9f
19:32:15,820 INF packaging: Verifying: python3-dnf-4.12.0-4.el9.noarch 1668504514 40e598082d8126fbb22b573cec374321ff6aa2870ddc3a1a0e8d8cb1798c24e2
19:32:15,821 INF packaging: Verifying: dnf-data-4.12.0-4.el9.noarch 1668504514 1db9f469978a13a2b7325f547139537f7edf2a85c9cd232951b18a8cdc07785a
19:32:15,821 INF packaging: Verifying: dnf-4.12.0-4.el9.noarch 1668504514 62f551f5861cb2745b3f63fd4b9a0de3a86666d3badf2e486f7b3bd30ba41c3d
19:32:15,821 INF packaging: Verifying: basesystem-11-13.el9.noarch 1652267550 759a53df902b6dc0db856ae3c021f99b7a9ce65d76ea7da268b2042001c5ff5d
19:32:15,821 INF packaging: Verifying: setup-2.13.7-7.el9.noarch 1667109077 7cd4049d3e408b2817146cf13b081f71e511b63226db122df744d54b31d1d4db
19:32:15,821 INF packaging: Verifying: rootfiles-8.1-31.el9.noarch 1652267576 49408b8b01e8b22c24a8f279eda038e901ec907495560c034e78435f3a029123
19:32:15,821 INF packaging: Verifying: libacl-2.3.1-3.el9.x86_64 1652266119 5b215deea69f4b6db45c47425741206e49e1f03dc754287e550bb898d62aa68e
19:32:15,825 INF packaging: Verifying: crypto-policies-scripts-20220815-1.git0fbe86f.el9.noarch 1667325337 794b7be7411f7ec70674f8b06ac1b40acedeb420933a4eff8d97dffe96305efc
19:32:15,825 INF packaging: Verifying: crypto-policies-20220815-1.git0fbe86f.el9.noarch 1667325337 19493dd6c62c23814b888f968a5d703c4ae2451cbbb9fc5f534899f1b41778a6
19:32:15,826 INF packaging: Verifying: expat-2.4.9-1.el9_1.1.x86_64 1674524123 244358c7ae2fc37d00d58448c53a86158871a3d28d9c3c4f655510a097bd50a7
19:32:15,827 INF packaging: Verifying: glib2-2.68.4-5.el9.x86_64 1652703048 f8be91c7d2880bca63ef4a09df6490ffd1a6c72f62f2fc477eaca1f1742e7812
19:32:15,828 INF packaging: Verifying: bzip2-libs-1.0.8-8.el9.x86_64 1652703093 9d88efca766d67129bf9e94f4fed072e6faf74fb8d905b1f37a5eefddcb248b2
19:32:15,828 INF packaging: Verifying: file-libs-5.39-10.el9.x86_64 1668504541 7c0bfc0c47f9458a0fb9a522546dbc4dc97f5f44c3c53429c003a9640bc909e1
19:32:15,829 INF packaging: Verifying: binutils-gold-2.35.2-24.el9.x86_64 1664385375 ce9ebbf8758ee9e5abea17f4507fcf7be77a47c122bd392c8677a2d508857188
19:32:15,830 INF packaging: Verifying: binutils-2.35.2-24.el9.x86_64 1664385375 9e8f037c4fbd17c7e65789b444524e737ccfa6445c4c275e9f64c490f2e7f64d
19:32:15,830 INF packaging: Verifying: audit-libs-3.0.7-103.el9.x86_64 1666652425 a3110e4e37d4c521a167bb1e4277fdf1211c3d2922ee02da0c3397f909fddba6
19:32:15,831 INF packaging: Verifying: alternatives-1.20-2.el9.x86_64 1652446486 7d217d43e548a46af3126f6251312ecc359997fb7aa7046c4f859188a4fda602
19:32:15,832 INF packaging: Verifying: lua-libs-5.4.2-4.el9_0.3.x86_64 1667404853 453215e5c82cb11a229a42f46a8a9e84db8fb49e4a56469d01e1d843297e4176
19:32:15,832 INF packaging: Verifying: lz4-libs-1.9.3-5.el9.x86_64 1652703415 60f82f4c3f76a543ab247acb37cb439d9de9e40c410ac2f315d6805717d6283e
19:32:15,833 INF packaging: Verifying: libidn2-2.3.0-7.el9.x86_64 1652703429 be32d8ba7ff8cf790c15d89c5ea18747d7fcc0126782a0e80f15901bb9889b31
19:32:15,834 INF packaging: Verifying: libcap-ng-0.8.2-7.el9.x86_64 1652703377 eb8a42e8ac59905dfa2aa1530e4fb7a0b994ff4ae5ee79dd4557f972f1316ae8
19:32:15,835 INF packaging: Verifying: libarchive-3.5.3-3.el9.x86_64 1667252026 dc4e32a09b60770509783eb00530f9e1fd3f7d6fa5d5e2f81646b2a7c536f502
19:32:15,835 INF packaging: Verifying: libverto-0.3.2-3.el9.x86_64 1652703457 f430f1b95b7467c461c7a745eba07beab00306984f2f21ecfcc04f37100405d1
19:32:15,836 INF packaging: Verifying: libxml2-2.9.13-3.el9_1.x86_64 1674520819 c5e27042c1a468c3d96bdd521d19d27c5a2db6dd0297792b7edfdbc3aa9ddeae
19:32:15,837 INF packaging: Verifying: libdb-5.3.28-53.el9.x86_64 1652703451 4c87bc54f960cf432c39f575a3d77109187e8a07fc1ecf535d719c52c72f87bd
19:32:15,837 INF packaging: Verifying: popt-1.18-8.el9.x86_64 1652704144 4306e6bb950191170669ccbfe904bf943a94736e910179f9b0db962148fe4bcf
19:32:15,838 INF packaging: Verifying: python3-pip-wheel-21.2.3-6.el9.noarch 1652703398 26575ba43d3d168e7846d88179529db54c51ac4ccbc56b799ebca3511d83f337
19:32:15,839 INF packaging: Verifying: rpm-sign-libs-4.16.1.3-19.el9_1.x86_64 1668530545 c54bd710fd6f5561f36aaf26f92c034972c156c85d7a28557f25b804c93c3837
19:32:15,839 INF packaging: Verifying: rpm-libs-4.16.1.3-19.el9_1.x86_64 1668530545 6ad341c5eb0493a5048e0ca10a7d6fc3051d630224a419b194cd585b83810798
19:32:15,840 INF packaging: Verifying: rpm-build-libs-4.16.1.3-19.el9_1.x86_64 1668530545 1b579a57c733a35845efb381efc58dbd5d22fbb2bd16ee8d8a494d7b2b7a827e
19:32:15,841 INF packaging: Verifying: rpm-4.16.1.3-19.el9_1.x86_64 1668530545 18038207d5c1feda4671ba3c5f7b33e2979009acedef0485ac7ee86b3584a3ff
19:32:15,841 INF packaging: Verifying: python3-rpm-4.16.1.3-19.el9_1.x86_64 1668530545 b1179e9ea7566df7162b4086607f327fc504f9c9016b869fa40ed7ac969ea441
19:32:15,842 INF packaging: Verifying: openssl-libs-1:3.0.1-43.el9_0.x86_64 1667327813 e050874188327c25260ea4c8e2ab8bfa1d412d475d79c17cdbbb56d17df44f85
19:32:15,843 INF packaging: Verifying: openssl-1:3.0.1-43.el9_0.x86_64 1667327813 980f3076d19da8d70013bd3f0129d6ca3800379ed1f8333ee3b252814580b5e2
19:32:15,843 INF packaging: Verifying: pcre2-syntax-10.40-2.el9.noarch 1667115951 b121946dd77d3aa907935fd04730c8447758fb96102c332652815eea129246f3
19:32:15,844 INF packaging: Verifying: pcre2-10.40-2.el9.x86_64 1667115951 9c309aff834d55fffcb84b175032869d2d93656ec6a78df2b7cf7dd44319c1aa
19:32:15,845 INF packaging: Verifying: python3-setuptools-wheel-53.0.0-10.el9.noarch 1652703851 fbae8b6248b894e17d67f577411ba769ba2b935ddc014e1fd11380adf2d75ebf
19:32:15,845 INF packaging: Verifying: bash-5.1.8-6.el9_1.x86_64 1674513826 7df53740511c98bf16b170c321352d3202987696cedbebd3d4a25ca44d4eff32
19:32:15,846 INF packaging: Verifying: tzdata-2022g-1.el9_1.noarch 1670258488 9745a3812425b1e823c379a76a51bcc74f8b4a7cd51b54f141cc514dda54cf68
19:32:15,847 INF packaging: Verifying: libutempter-1.2.1-6.el9.x86_64 1652703699 146dca82c8f1df8135ae7d5cc4aa4af35e02e60f1f61143badc9c5f7ff5029b9
19:32:15,847 INF packaging: Verifying: grep-3.6-5.el9.x86_64 1652712553 9c1beaec9264e08459f9097c9bd58aa6118293df47d6f07f8054054cc7c40544
19:32:15,848 INF packaging: Verifying: usermode-1.114-4.el9.x86_64 1652703783 d8161024f8c7f18775686b906f049801da72b5e329a8648219cebaac7cb2152f
19:32:15,849 INF packaging: Verifying: shadow-utils-2:4.9-5.el9.x86_64 1667259214 67516121e78afa3a3f38103d45c8b43f7eb58fae1defb85aa0cd3559a372c7ad
19:32:15,849 INF packaging: Verifying: sed-4.8-9.el9.x86_64 1652712399 005c959166838b0e45f02e699c35ec5449025e2463751c56b7e614bbd9514732
19:32:15,850 INF packaging: Verifying: gzip-1.12-1.el9.x86_64 1667088950 cd22e3e9e04436c7463f0fd1cb44c816421fd62bd17336081a7453fd646a5c29
19:32:15,851 INF packaging: Verifying: libassuan-2.5.5-3.el9.x86_64 1652704070 5d5e555c9c4dfbd293acdc0ae739b41e635a2239a2c41ce11aafedd1d1ed54f4
19:32:15,851 INF packaging: Verifying: hostname-3.23-6.el9.x86_64 1652704041 658af28fb988c2a37db0c872f9c68bedc431796bad421a422d6f9100420336e0
19:32:15,852 INF packaging: Verifying: libnghttp2-1.43.0-5.el9.x86_64 1652703914 9d6bfc82d2bc870978041d4ee40d4e23375ccf9f9bb26b31d8d20973d1bd8d49
19:32:15,853 INF packaging: Verifying: less-590-1.el9_0.x86_64 1655269092 86639de1449c49fd5a4be5976dd7bf30a18e9bd5b344473800017cd756333ded
19:32:15,853 INF packaging: Verifying: sqlite-libs-3.34.1-6.el9_1.x86_64 1674516594 128992e15f0a2a5361bb8240cf962c21feb450f4cb8652f7e9e023b6b0188bed
19:32:15,854 INF packaging: Verifying: xz-libs-5.2.5-8.el9_0.x86_64 1655269093 7a6f5891537bbbf601ee574c5946c3f0f121369b85c6cdfdd07e974a4dc8d81d
19:32:15,855 INF packaging: Verifying: libsigsegv-2.13-4.el9.x86_64 1652567842 a80701bd3f67994493b1a14e043d9212032c86fd24374c309cf2b7006900f4da
19:32:15,855 INF packaging: Verifying: libksba-1.5.1-6.el9_1.x86_64 1675786253 5cd9485fd835a0983a721ec5fa85a17465ded2db2f90b4c8c567a71a2a97861f
19:32:15,856 INF packaging: Verifying: filesystem-3.16-2.el9.x86_64 1652704127 211e67cf31d096ca3f4bbddcdf6116afa821997e61e9c07d29c3c6e53546e697
19:32:15,857 INF packaging: Verifying: gdbm-libs-1:1.19-4.el9.x86_64 1652195596 da032f6a47afb847153322df72e8d01d239e4481ac1750d195cf396393d11066
19:32:15,857 INF packaging: Verifying: findutils-1:4.8.0-5.el9.x86_64 1652567917 f09cd6157ee2eb1e8f0f7984c9a7732aa068053f34c608a1f77f47bf9798fe25
19:32:15,858 INF packaging: Verifying: passwd-0.80-12.el9.x86_64 1652567950 384c9c8bb73500e55cf4b1aa68644c857a80cf85f0015e7ac453cec66e0eb439
19:32:15,859 INF packaging: Verifying: libunistring-0.9.10-15.el9.x86_64 1652703686 7e8b90a282ec310de6766619056296bdf666f3040f22cff211cd52710b39ece5
19:32:15,859 INF packaging: Verifying: coreutils-single-8.32-32.el9.x86_64 1667184053 3b645e8f68f3a1fe3a49e2f58653b321eaf8ef433dbb7230c03af0eca696127a
19:32:15,860 INF packaging: Verifying: python3-libs-3.9.14-1.el9_1.1.x86_64 1668611531 53cfd72d6962cef8af6ec69751a8439ae723cf387edd96367945b9bb2f306709
19:32:15,861 INF packaging: Verifying: python3-3.9.14-1.el9_1.1.x86_64 1668611531 575f96ed0a4bea9ce50c1148d39a6986f6bb13fdcf064c445d956f87caeba425
19:32:15,861 INF packaging: Verifying: gnutls-3.7.6-12.el9_0.x86_64 1665527207 cdb4835910abf0dcf7448a5a52007898d1a133a479c8b6f516132c4278fc48b2
19:32:15,862 INF packaging: Verifying: rocky-release-9.1-1.11.el9.noarch 1670912146 e115c3b62bdfef635395d345c0e01cc5196f8dda6e045081a93e718dbdbabf10
19:32:15,863 INF packaging: Verifying: rocky-repos-9.1-1.11.el9.noarch 1670912146 b5bbb044fbac61f4901a1b1caa5b6ed94618be161176c171ca4d732a1385c97e
19:32:15,863 INF packaging: Verifying: rocky-gpg-keys-9.1-1.11.el9.noarch 1670912146 1d311962b20682126f65c19210549ac0164575701c6479fbbea390dd860c9027
19:32:15,864 INF packaging: Verifying: libpwquality-1.4.4-8.el9.x86_64 1653510445 d572dfa42d099b58e29fc0c1431c80e1baa4d0555265f79b1a346ebe99ac9ae1
19:32:15,865 INF packaging: Verifying: libattr-2.5.1-3.el9.x86_64 1653510145 77742a1097d81c384b8c7529e3c049fb7de206b773ad230553be99ba5c9d9fc1
19:32:15,866 INF packaging: Verifying: libffi-3.4.2-7.el9.x86_64 1653509725 e019d481306d9fc56086b82ff543cbac94577db0d7d46378664f176e71fcfafd
19:32:15,866 INF packaging: Verifying: gmp-1:6.2.0-10.el9.x86_64 1653509725 d856fd9f88334488516904a391d204ecbaf60bcdfc442b3aae7951d903531c3e
19:32:15,867 INF packaging: Verifying: libgcrypt-1.10.0-8.el9_0.x86_64 1667404868 635c8e03412f463041d31deae578ffc126b66852511443bcfe50c7918d68a62f
19:32:15,868 INF packaging: Verifying: libcap-2.48-8.el9.x86_64 1653510148 ea27444667e8694ba61311ad88938deb88d9c5a9dd79b9d98c1d96363a9e8cd3
19:32:15,868 INF packaging: Verifying: libsolv-0.7.22-1.el9.x86_64 1667095315 e3df8f521419428bb52d1214e20cc51da44ac98884bf54268f02cdd9d0b155a1
19:32:15,869 INF packaging: Verifying: libusbx-1.0.26-1.el9.x86_64 1667090791 efb7bf9c0660d748c2813bf9a37a89de988536888bfe6d7d71fc27dbccb8ee27
19:32:15,870 INF packaging: Verifying: libsepol-3.4-1.1.el9.x86_64 1666651655 d95a8bf473621af7d430ef433b4da9738358ff6c77bbc3300d33ba5b3e64df1c
19:32:15,870 INF packaging: Verifying: gnupg2-2.3.3-2.el9_0.x86_64 1663705844 ac9e8c035ce0b851d1cf9d959c74d80460d82610d5705e8e9c4496cc7578a093
19:32:15,871 INF packaging: Verifying: ca-certificates-2022.2.54-90.2.el9.noarch 1663691676 e15300a31a977172c117e7bbcdf82eb41ffac66505929a5dca5bab99528b4658
19:32:15,872 INF packaging: Verifying: libcom_err-1.46.5-3.el9.x86_64 1667181053 26b79a65d0f19b95c949e9bb06bbabbea995e78480a6581deae3cf608dd20d42
19:32:15,872 INF packaging: Verifying: libtasn1-4.16.0-8.el9_1.x86_64 1674521524 f62a78a4d12241611733a45d896511c9825d06116373f4277e08acbae7565322
19:32:15,873 INF packaging: Verifying: mpfr-4.1.0-7.el9.x86_64 1653510195 88e46af29bde609d8f414313d0090e30501cc38ddf5c6a1bffe34ae896ca936e
19:32:15,874 INF packaging: Verifying: libsemanage-3.4-2.el9.x86_64 1666653333 e2d622179bf8f1853d6399b2ef5a4b083b3fd04f0a70388d075570c79d249d81
19:32:15,874 INF packaging: Verifying: libselinux-3.4-3.el9.x86_64 1666652085 dcc8c4e77e8afab801a53df7f5ddbd3bb835db513d661e71aa407448a196a9c5
19:32:15,875 INF packaging: Verifying: libgpg-error-1.42-5.el9.x86_64 1653510224 7d48fb4ca1e935a491cb02a85abdd5b91b329168962c1b11ca434c2b80c079fa
19:32:15,876 INF packaging: Verifying: libmodulemd-2.13.0-2.el9.x86_64 1653510146 c26a812e5a8757489a7e8c01426a5d65e3b4c7f05394d38ecb5eeddff670ecbe
19:32:15,876 INF packaging: Verifying: libxcrypt-4.4.18-3.el9.x86_64 1653510262 e3c178ed2e04ac25699d5af612fad51694a23f5d544b72cab2f65d35b8db5f28
19:32:15,877 INF packaging: Verifying: libevent-2.1.12-6.el9.x86_64 1652801006 4d104f653aa702ba18bc45f5bd4b1f2853b70a8c1cdd64c255570570d20ca91d
19:32:15,878 INF packaging: Verifying: ima-evm-utils-1.4-4.el9.x86_64 1653563013 83a46a931ba14d6171748d9c1fc3d68179e544c626c92394bf48ea02d56a8828
19:32:15,878 INF packaging: Verifying: nettle-3.8-3.el9_0.x86_64 1665475865 8b26d9abcaeadde048555c7187753b64172be4cca206f704ddf2319772bc4beb
19:32:15,879 INF packaging: Verifying: pcre-8.44-3.el9.3.x86_64 1653563012 167b0160dfe4bda726ed0f47e3773d6d4ee73dc032f5c09e768ffd4ac5681d71
19:32:15,880 INF packaging: Verifying: json-c-0.14-11.el9.x86_64 1653563011 e2e487e4b6d48595612b0785963f0a4294e5dbea8500284ff0df4571afe79c8f
19:32:15,880 INF packaging: Verifying: npth-1.6-8.el9.x86_64 1653562966 a96a4af76f58645fe34c526c684a45a5a97642c1836bfb3a91ef29520cb21324
19:32:15,881 INF packaging: Verifying: tpm2-tss-3.0.3-8.el9.x86_64 1667323552 e3228cc78c7d9005b11f1226030d7d5e804aae98b59096c6dcc44b392d44ec56
19:32:15,882 INF packaging: Verifying: libyaml-0.2.5-7.el9.x86_64 1653563012 8e132d6f32d0bbca9abebc1b62443e1e7fddf873e02d9c1084dce50a87740b09
19:32:15,882 INF packaging: Verifying: python3-libcomps-0.1.18-1.el9.x86_64 1652567952 11340835e8dd98ea9e9f3bf4e4b5f0c3c43a8aa60c7703ae7923b6c45c05aa05
19:32:15,883 INF packaging: Verifying: libcomps-0.1.18-1.el9.x86_64 1652567952 1714940a5678ee506f21fe9ca5ad1e8b8feb17807e063d5e3fc156fb09ba3bc3
19:32:15,884 INF packaging: Verifying: librepo-1.14.2-3.el9.x86_64 1667287125 061005107f57ee54aa9960cd478e89938430f500850ed393b2420ab37b521b73
19:32:15,884 INF packaging: Verifying: ncurses-base-6.2-8.20210508.el9.noarch 1653576260 57fcfb2ebb3c885a94c3c3ca290a13e597fad33726f555933ebb216270bc7937
19:32:15,885 INF packaging: Verifying: p11-kit-trust-0.24.1-2.el9.x86_64 1653576499 f3323fd8f94b5590ce6b8a191db48315eee46e1f4c5b1902b1c0b14982dc4b34
19:32:15,886 INF packaging: Verifying: p11-kit-0.24.1-2.el9.x86_64 1653576499 2e9ba88f7638b89033dd8e3559f9c5c0a84cfa40110d061131391283eff07017
19:32:15,886 INF packaging: Verifying: systemd-libs-250-12.el9_1.1.x86_64 1674504335 b52ffc57b4b1c50d86e72abefd4adf16679ea079f5173f0c0544d2cdb9437e3a
19:32:15,887 INF packaging: Verifying: elfutils-libs-0.187-5.el9.x86_64 1664382960 864a3147975be6acdfd416a71f9d5ce4be0c75c35ceb362fe021be14e622714b
19:32:15,888 INF packaging: Verifying: elfutils-libelf-0.187-5.el9.x86_64 1664382960 93b48cbd3702e121ffe1d4b042e14753fddf4ef296e1f8bb5b863fbb727f65ef
19:32:15,888 INF packaging: Verifying: elfutils-debuginfod-client-0.187-5.el9.x86_64 1664382960 94824b10f2eb2d17faacf39207d37ee8d1bacd2ebf2f948369e8e5fb04c39452
19:32:15,889 INF packaging: Verifying: elfutils-default-yama-scope-0.187-5.el9.noarch 1664382961 c6aee1c4b45ede877d72b6b0a8b0fa62bf4e3bd5d489eb1615faf121a85c52a8
19:32:15,890 INF packaging: Verifying: libreport-filesystem-2.15.2-6.el9.rocky.0.2.noarch 1654535615 60952dd5abd60750912b1b20aa161f03be7d7bff43714500c9ac867d8fdd10bf
19:32:15,890 INF packaging: Verifying: libcurl-minimal-7.76.1-19.el9_1.1.x86_64 1674524847 bc08a1f59a8a5bb57739b131aaf62d777b65968b7a68787641f69ab5f084e652
19:32:15,891 INF packaging: Verifying: curl-minimal-7.76.1-19.el9_1.1.x86_64 1674524847 775c2336d74c7b837cf5878483c88f5e623ba2c9283899c5a66cb8d807506057
19:32:15,892 INF packaging: Verifying: openldap-2.6.2-3.el9.x86_64 1667289489 68c7793744fdd3b743fde89e31adeae7679a49bb0d28dba1c65508bbe77d222c
19:32:15,892 INF packaging: Verifying: libuser-0.63-11.el9.x86_64 1668582676 c9a2a1fbae32bf9db130024e111bb81519024beb3cde16e1ec6baaa66a6257fb
19:32:15,893 INF packaging: Verifying: cracklib-dicts-2.9.6-27.el9.x86_64 1654018888 5ba79a7ce247aa40f1f9d95a917c054210a931070d059ebf1614a34461b5432c
19:32:15,894 INF packaging: Verifying: cracklib-2.9.6-27.el9.x86_64 1654018888 05abbfe7039c63fd1f3e9c216beec6edfda60568ee2f12e203f126dd2b618877
19:32:15,894 INF packaging: Verifying: python3-gpg-1.15.1-6.el9.x86_64 1652446468 72188c95aa7428a19161e7cc893cbae63a6a197c525615c993691c2f26ebc259
19:32:15,895 INF packaging: Verifying: gpgme-1.15.1-6.el9.x86_64 1652446468 b1f03906b959728fcd17854010d6e1d64cfd42e418a72add2e4bc9cb8b3b1b8d
19:32:15,896 INF packaging: Verifying: ncurses-libs-6.2-8.20210508.el9.x86_64 1653576260 a48e28ac588578dbb085f4bb6f7c7a84a12680fc4133dbe143d72bfb518611d9
19:32:15,896 INF packaging: Verifying: readline-8.1-4.el9.x86_64 1652703611 b85f5cffef627afe640cf7405845cb45956d66ef5a06e7c48dc7da47a7191674
19:32:15,897 INF packaging: Verifying: krb5-libs-1.19.1-24.el9_1.x86_64 1669653670 e8078d3f795f7d6bdaffb9eb434e165139b60c38ba036d7dcd5a9aafb9a82926
19:32:15,898 INF packaging: Verifying: cyrus-sasl-lib-2.1.27-20.el9.x86_64 1652703050 a278260b166c28ca63f2cfdf618b806c9296e305a9f33837e20d77e85effd1e7
19:32:15,898 INF packaging: Verifying: keyutils-libs-1.6.1-4.el9.x86_64 1652484889 61b82a7de4daa30136da5dd33e88b57d7d867226c4edc8c2c89696caf56ecb5e
19:32:15,899 INF packaging: Verifying: gawk-5.1.0-6.el9.x86_64 1652446843 eaca68b315d6c2ef5ec30deaf9b7c38401e2ed0169972d158fd88b917e8a47dc
19:32:15,900 INF packaging: Verifying: pam-1.5.1-12.el9.x86_64 1667227218 e63ce14e484b9420ed43e1781f0f4d11f43c05b70cbf63b3d4825ba23d63fe8b
19:32:15,900 INF packaging: Verifying: tar-2:1.34-5.el9.x86_64 1667244804 71a5de6b6d6905ef45b580476461e77c73a3f28d1237722c30120ffb392c5a8a
19:32:15,901 INF packaging: Verifying: vim-minimal-2:8.2.2637-16.el9_0.3.x86_64 1660063674 9de5835dc53e1f1cf2f0e252d73b7d2e71c5e1842eed648cd8d84ed92a1d809e
19:32:15,902 INF packaging: Verifying: libzstd-1.5.1-2.el9.x86_64 1653582655 517b3080de2e0891cc346ba6b1548ef438b95dbede0e6e7a6deae89fc241f5bc
19:32:15,902 INF packaging: Verifying: zlib-1.2.11-35.el9_1.x86_64 1674517386 e4eb5b466ad300de97486e160bbb9ead678451256c87ec119f79c312dcbe0f06
19:32:15,903 INF packaging: Verifying: libstdc++-11.3.1-2.1.el9.x86_64 1664299297 443468216e0590859fe50e2b6c6dac4959b153f4bcda0f10ce90a232c3562800
19:32:15,904 INF packaging: Verifying: libgomp-11.3.1-2.1.el9.x86_64 1664299297 092e69572701b213a59f887348618481f9cd8922615ea6e3db385373f3730321
19:32:15,904 INF packaging: Verifying: libgcc-11.3.1-2.1.el9.x86_64 1664299297 4f08aeb27f7f8e04110528b8d6b09dbf457bd9b024aad3c1881a22c3325b0878
19:32:15,905 INF packaging: Verifying: glibc-minimal-langpack-2.34-40.el9_1.1.x86_64 1674515022 ed64c0bdf03b17514e7080e63eade1d8d9a82532e9c9a21c5caab859fc5c86ad
19:32:15,906 INF packaging: Verifying: glibc-common-2.34-40.el9_1.1.x86_64 1674515022 6aa7db7868d36cbaf0bc1477a6c93ee1cedd1a44f19d18d71c77cffdeec1d4a1
19:32:15,910 INF packaging: Verifying: glibc-2.34-40.el9_1.1.x86_64 1674515022 939c93b65bf390b73e540b2f487c2fa758a92078ffb5738a9df3c8422f917ff1
19:32:15,911 INF packaging: Verifying: util-linux-core-2.37.4-9.el9.x86_64 1668635673 e94acb7cd59be0e8adcac2a3f3a49ec143889444cb7e5e42059d678b2c02cc69
19:32:15,912 INF packaging: Verifying: util-linux-2.37.4-9.el9.x86_64 1668635673 36e384bf8466d6a5e036c64e2e6fd9714687b355a48bf15753128db6e82064bc
19:32:15,913 INF packaging: Verifying: libuuid-2.37.4-9.el9.x86_64 1668635673 36e512defe7f4af96203dd0796a87e454f3e65c40ae8ae02b54ed81a388edcbf
19:32:15,914 INF packaging: Verifying: libsmartcols-2.37.4-9.el9.x86_64 1668635673 cadff45d9419a2f31528c47ccd0647c6068eeaa57acba041a9b7bd7c788b212a
19:32:15,915 INF packaging: Verifying: libmount-2.37.4-9.el9.x86_64 1668635673 1406e718584454eb4b42f4f8023fc7c6c79f4ce4132348927cf028669bd58675
19:32:15,916 INF packaging: Verifying: libfdisk-2.37.4-9.el9.x86_64 1668635673 65a6032b3db8ef01095d18921cf448760942db80c51a946489f6e37fab31bc51
19:32:15,916 INF packaging: Verifying: libblkid-2.37.4-9.el9.x86_64 1668635673 df1d5cece352aa7e9803f2d03099812ab83bbd44a71f9040fa00a50598a972fc
19:32:15,917 INF packaging: Verifying: python3-libdnf-0.67.0-3.el9.x86_64 1668505708 6a7265766db9b6450b0194665984ff306fcac9854e383ffcb1d9d9f14a629c07
19:32:15,918 INF packaging: Verifying: python3-hawkey-0.67.0-3.el9.x86_64 1668505708 ee396ab7c340bdc0813149cd64c14b277c3f2bae4d439957a5ae4fb06e6a9ebd
19:32:15,918 INF packaging: Verifying: libdnf-0.67.0-3.el9.x86_64 1668505708 fe1dfb36262bc27d16592221115dd2516b54edcb67950d0bf5a266310ad7c0e9
19:32:15,919 INF packaging: Verifying: libeconf-0.4.1-2.el9.x86_64 1652703729 2ef3d964f8c8bdb4df85827fbc0ae96c9ba37a46bb7b4b1da47fbb030658b06c
19:32:16,007 DDEBUG dnf: timer: verify transaction: 201 ms
19:32:16,008 DDEBUG dnf: timer: transaction: 6687 ms
19:32:16,014 DBG dnf: Installed: alternatives-1.20-2.el9.x86_64
19:32:16,014 DBG dnf: Installed: audit-libs-3.0.7-103.el9.x86_64
19:32:16,014 DBG dnf: Installed: basesystem-11-13.el9.noarch
19:32:16,014 DBG dnf: Installed: bash-5.1.8-6.el9_1.x86_64
19:32:16,015 DBG dnf: Installed: binutils-2.35.2-24.el9.x86_64
19:32:16,015 DBG dnf: Installed: binutils-gold-2.35.2-24.el9.x86_64
19:32:16,015 DBG dnf: Installed: bzip2-libs-1.0.8-8.el9.x86_64
19:32:16,015 DBG dnf: Installed: ca-certificates-2022.2.54-90.2.el9.noarch
19:32:16,015 DBG dnf: Installed: coreutils-single-8.32-32.el9.x86_64
19:32:16,015 DBG dnf: Installed: cracklib-2.9.6-27.el9.x86_64
19:32:16,015 DBG dnf: Installed: cracklib-dicts-2.9.6-27.el9.x86_64
19:32:16,015 DBG dnf: Installed: crypto-policies-20220815-1.git0fbe86f.el9.noarch
19:32:16,015 DBG dnf: Installed: crypto-policies-scripts-20220815-1.git0fbe86f.el9.noarch
19:32:16,015 DBG dnf: Installed: curl-minimal-7.76.1-19.el9_1.1.x86_64
19:32:16,015 DBG dnf: Installed: cyrus-sasl-lib-2.1.27-20.el9.x86_64
19:32:16,015 DBG dnf: Installed: dnf-4.12.0-4.el9.noarch
19:32:16,016 DBG dnf: Installed: dnf-data-4.12.0-4.el9.noarch
19:32:16,016 DBG dnf: Installed: elfutils-debuginfod-client-0.187-5.el9.x86_64
19:32:16,016 DBG dnf: Installed: elfutils-default-yama-scope-0.187-5.el9.noarch
19:32:16,016 DBG dnf: Installed: elfutils-libelf-0.187-5.el9.x86_64
19:32:16,016 DBG dnf: Installed: elfutils-libs-0.187-5.el9.x86_64
19:32:16,016 DBG dnf: Installed: expat-2.4.9-1.el9_1.1.x86_64
19:32:16,016 DBG dnf: Installed: file-libs-5.39-10.el9.x86_64
19:32:16,016 DBG dnf: Installed: filesystem-3.16-2.el9.x86_64
19:32:16,016 DBG dnf: Installed: findutils-1:4.8.0-5.el9.x86_64
19:32:16,016 DBG dnf: Installed: gawk-5.1.0-6.el9.x86_64
19:32:16,016 DBG dnf: Installed: gdbm-libs-1:1.19-4.el9.x86_64
19:32:16,016 DBG dnf: Installed: glib2-2.68.4-5.el9.x86_64
19:32:16,016 DBG dnf: Installed: glibc-2.34-40.el9_1.1.x86_64
19:32:16,017 DBG dnf: Installed: glibc-common-2.34-40.el9_1.1.x86_64
19:32:16,017 DBG dnf: Installed: glibc-minimal-langpack-2.34-40.el9_1.1.x86_64
19:32:16,017 DBG dnf: Installed: gmp-1:6.2.0-10.el9.x86_64
19:32:16,017 DBG dnf: Installed: gnupg2-2.3.3-2.el9_0.x86_64
19:32:16,017 DBG dnf: Installed: gnutls-3.7.6-12.el9_0.x86_64
19:32:16,017 DBG dnf: Installed: gpgme-1.15.1-6.el9.x86_64
19:32:16,017 DBG dnf: Installed: grep-3.6-5.el9.x86_64
19:32:16,017 DBG dnf: Installed: gzip-1.12-1.el9.x86_64
19:32:16,017 DBG dnf: Installed: hostname-3.23-6.el9.x86_64
19:32:16,017 DBG dnf: Installed: ima-evm-utils-1.4-4.el9.x86_64
19:32:16,017 DBG dnf: Installed: json-c-0.14-11.el9.x86_64
19:32:16,017 DBG dnf: Installed: keyutils-libs-1.6.1-4.el9.x86_64
19:32:16,018 DBG dnf: Installed: krb5-libs-1.19.1-24.el9_1.x86_64
19:32:16,018 DBG dnf: Installed: less-590-1.el9_0.x86_64
19:32:16,018 DBG dnf: Installed: libacl-2.3.1-3.el9.x86_64
19:32:16,018 DBG dnf: Installed: libarchive-3.5.3-3.el9.x86_64
19:32:16,018 DBG dnf: Installed: libassuan-2.5.5-3.el9.x86_64
19:32:16,018 DBG dnf: Installed: libattr-2.5.1-3.el9.x86_64
19:32:16,018 DBG dnf: Installed: libblkid-2.37.4-9.el9.x86_64
19:32:16,018 DBG dnf: Installed: libcap-2.48-8.el9.x86_64
19:32:16,018 DBG dnf: Installed: libcap-ng-0.8.2-7.el9.x86_64
19:32:16,018 DBG dnf: Installed: libcom_err-1.46.5-3.el9.x86_64
19:32:16,018 DBG dnf: Installed: libcomps-0.1.18-1.el9.x86_64
19:32:16,018 DBG dnf: Installed: libcurl-minimal-7.76.1-19.el9_1.1.x86_64
19:32:16,018 DBG dnf: Installed: libdb-5.3.28-53.el9.x86_64
19:32:16,019 DBG dnf: Installed: libdnf-0.67.0-3.el9.x86_64
19:32:16,019 DBG dnf: Installed: libeconf-0.4.1-2.el9.x86_64
19:32:16,019 DBG dnf: Installed: libevent-2.1.12-6.el9.x86_64
19:32:16,019 DBG dnf: Installed: libfdisk-2.37.4-9.el9.x86_64
19:32:16,019 DBG dnf: Installed: libffi-3.4.2-7.el9.x86_64
19:32:16,019 DBG dnf: Installed: libgcc-11.3.1-2.1.el9.x86_64
19:32:16,019 DBG dnf: Installed: libgcrypt-1.10.0-8.el9_0.x86_64
19:32:16,019 DBG dnf: Installed: libgomp-11.3.1-2.1.el9.x86_64
19:32:16,019 DBG dnf: Installed: libgpg-error-1.42-5.el9.x86_64
19:32:16,019 DBG dnf: Installed: libidn2-2.3.0-7.el9.x86_64
19:32:16,019 DBG dnf: Installed: libksba-1.5.1-6.el9_1.x86_64
19:32:16,019 DBG dnf: Installed: libmodulemd-2.13.0-2.el9.x86_64
19:32:16,019 DBG dnf: Installed: libmount-2.37.4-9.el9.x86_64
19:32:16,020 DBG dnf: Installed: libnghttp2-1.43.0-5.el9.x86_64
19:32:16,020 DBG dnf: Installed: libpwquality-1.4.4-8.el9.x86_64
19:32:16,020 DBG dnf: Installed: librepo-1.14.2-3.el9.x86_64
19:32:16,020 DBG dnf: Installed: libreport-filesystem-2.15.2-6.el9.rocky.0.2.noarch
19:32:16,020 DBG dnf: Installed: libselinux-3.4-3.el9.x86_64
19:32:16,020 DBG dnf: Installed: libsemanage-3.4-2.el9.x86_64
19:32:16,020 DBG dnf: Installed: libsepol-3.4-1.1.el9.x86_64
19:32:16,020 DBG dnf: Installed: libsigsegv-2.13-4.el9.x86_64
19:32:16,020 DBG dnf: Installed: libsmartcols-2.37.4-9.el9.x86_64
19:32:16,020 DBG dnf: Installed: libsolv-0.7.22-1.el9.x86_64
19:32:16,020 DBG dnf: Installed: libstdc++-11.3.1-2.1.el9.x86_64
19:32:16,020 DBG dnf: Installed: libtasn1-4.16.0-8.el9_1.x86_64
19:32:16,021 DBG dnf: Installed: libunistring-0.9.10-15.el9.x86_64
19:32:16,021 DBG dnf: Installed: libusbx-1.0.26-1.el9.x86_64
19:32:16,021 DBG dnf: Installed: libuser-0.63-11.el9.x86_64
19:32:16,021 DBG dnf: Installed: libutempter-1.2.1-6.el9.x86_64
19:32:16,021 DBG dnf: Installed: libuuid-2.37.4-9.el9.x86_64
19:32:16,021 DBG dnf: Installed: libverto-0.3.2-3.el9.x86_64
19:32:16,021 DBG dnf: Installed: libxcrypt-4.4.18-3.el9.x86_64
19:32:16,021 DBG dnf: Installed: libxml2-2.9.13-3.el9_1.x86_64
19:32:16,021 DBG dnf: Installed: libyaml-0.2.5-7.el9.x86_64
19:32:16,021 DBG dnf: Installed: libzstd-1.5.1-2.el9.x86_64
19:32:16,021 DBG dnf: Installed: lua-libs-5.4.2-4.el9_0.3.x86_64
19:32:16,021 DBG dnf: Installed: lz4-libs-1.9.3-5.el9.x86_64
19:32:16,021 DBG dnf: Installed: mpfr-4.1.0-7.el9.x86_64
19:32:16,022 DBG dnf: Installed: ncurses-base-6.2-8.20210508.el9.noarch
19:32:16,022 DBG dnf: Installed: ncurses-libs-6.2-8.20210508.el9.x86_64
19:32:16,022 DBG dnf: Installed: nettle-3.8-3.el9_0.x86_64
19:32:16,022 DBG dnf: Installed: npth-1.6-8.el9.x86_64
19:32:16,022 DBG dnf: Installed: openldap-2.6.2-3.el9.x86_64
19:32:16,022 DBG dnf: Installed: openssl-1:3.0.1-43.el9_0.x86_64
19:32:16,022 DBG dnf: Installed: openssl-libs-1:3.0.1-43.el9_0.x86_64
19:32:16,022 DBG dnf: Installed: p11-kit-0.24.1-2.el9.x86_64
19:32:16,022 DBG dnf: Installed: p11-kit-trust-0.24.1-2.el9.x86_64
19:32:16,022 DBG dnf: Installed: pam-1.5.1-12.el9.x86_64
19:32:16,022 DBG dnf: Installed: passwd-0.80-12.el9.x86_64
19:32:16,022 DBG dnf: Installed: pcre-8.44-3.el9.3.x86_64
19:32:16,022 DBG dnf: Installed: pcre2-10.40-2.el9.x86_64
19:32:16,023 DBG dnf: Installed: pcre2-syntax-10.40-2.el9.noarch
19:32:16,023 DBG dnf: Installed: popt-1.18-8.el9.x86_64
19:32:16,023 DBG dnf: Installed: python3-3.9.14-1.el9_1.1.x86_64
19:32:16,023 DBG dnf: Installed: python3-dnf-4.12.0-4.el9.noarch
19:32:16,023 DBG dnf: Installed: python3-gpg-1.15.1-6.el9.x86_64
19:32:16,023 DBG dnf: Installed: python3-hawkey-0.67.0-3.el9.x86_64
19:32:16,023 DBG dnf: Installed: python3-libcomps-0.1.18-1.el9.x86_64
19:32:16,023 DBG dnf: Installed: python3-libdnf-0.67.0-3.el9.x86_64
19:32:16,023 DBG dnf: Installed: python3-libs-3.9.14-1.el9_1.1.x86_64
19:32:16,023 DBG dnf: Installed: python3-pip-wheel-21.2.3-6.el9.noarch
19:32:16,023 DBG dnf: Installed: python3-rpm-4.16.1.3-19.el9_1.x86_64
19:32:16,023 DBG dnf: Installed: python3-setuptools-wheel-53.0.0-10.el9.noarch
19:32:16,024 DBG dnf: Installed: readline-8.1-4.el9.x86_64
19:32:16,024 DBG dnf: Installed: rocky-gpg-keys-9.1-1.11.el9.noarch
19:32:16,024 DBG dnf: Installed: rocky-release-9.1-1.11.el9.noarch
19:32:16,024 DBG dnf: Installed: rocky-repos-9.1-1.11.el9.noarch
19:32:16,024 DBG dnf: Installed: rootfiles-8.1-31.el9.noarch
19:32:16,024 DBG dnf: Installed: rpm-4.16.1.3-19.el9_1.x86_64
19:32:16,024 DBG dnf: Installed: rpm-build-libs-4.16.1.3-19.el9_1.x86_64
19:32:16,024 DBG dnf: Installed: rpm-libs-4.16.1.3-19.el9_1.x86_64
19:32:16,024 DBG dnf: Installed: rpm-sign-libs-4.16.1.3-19.el9_1.x86_64
19:32:16,024 DBG dnf: Installed: sed-4.8-9.el9.x86_64
19:32:16,024 DBG dnf: Installed: setup-2.13.7-7.el9.noarch
19:32:16,024 DBG dnf: Installed: shadow-utils-2:4.9-5.el9.x86_64
19:32:16,024 DBG dnf: Installed: sqlite-libs-3.34.1-6.el9_1.x86_64
19:32:16,025 DBG dnf: Installed: systemd-libs-250-12.el9_1.1.x86_64
19:32:16,025 DBG dnf: Installed: tar-2:1.34-5.el9.x86_64
19:32:16,025 DBG dnf: Installed: tpm2-tss-3.0.3-8.el9.x86_64
19:32:16,025 DBG dnf: Installed: tzdata-2022g-1.el9_1.noarch
19:32:16,025 DBG dnf: Installed: usermode-1.114-4.el9.x86_64
19:32:16,025 DBG dnf: Installed: util-linux-2.37.4-9.el9.x86_64
19:32:16,025 DBG dnf: Installed: util-linux-core-2.37.4-9.el9.x86_64
19:32:16,025 DBG dnf: Installed: vim-minimal-2:8.2.2637-16.el9_0.3.x86_64
19:32:16,025 DBG dnf: Installed: xz-libs-5.2.5-8.el9_0.x86_64
19:32:16,025 DBG dnf: Installed: yum-4.12.0-4.el9.noarch
19:32:16,025 DBG dnf: Installed: zlib-1.2.11-35.el9_1.x86_64
19:32:16,025 DDEBUG dnf: Cleaning up.
19:32:16,026 DDEBUG dnf: /mnt/sysroot/tmp/dnf.package.cache/p11-kit-trust-0.24.1-2.el9.x86_64.rpm removed
19:32:16,026 DDEBUG dnf: /mnt/sysroot/tmp/dnf.package.cache/ncurses-libs-6.2-8.20210508.el9.x86_64.rpm removed
19:32:16,026 DDEBUG dnf: /mnt/sysroot/tmp/dnf.package.cache/libcomps-0.1.18-1.el9.x86_64.rpm removed
19:32:16,026 DDEBUG dnf: /mnt/sysroot/tmp/dnf.package.cache/vim-minimal-8.2.2637-16.el9_0.3.x86_64.rpm removed
19:32:16,026 DDEBUG dnf: /mnt/sysroot/tmp/dnf.package.cache/cracklib-2.9.6-27.el9.x86_64.rpm removed
19:32:16,026 DDEBUG dnf: /mnt/sysroot/tmp/dnf.package.cache/rocky-repos-9.1-1.11.el9.noarch.rpm removed
19:32:16,026 DDEBUG dnf: /mnt/sysroot/tmp/dnf.package.cache/lz4-libs-1.9.3-5.el9.x86_64.rpm removed
19:32:16,026 DDEBUG dnf: /mnt/sysroot/tmp/dnf.package.cache/libblkid-2.37.4-9.el9.x86_64.rpm removed
19:32:16,026 DDEBUG dnf: /mnt/sysroot/tmp/dnf.package.cache/libgomp-11.3.1-2.1.el9.x86_64.rpm removed
19:32:16,026 DDEBUG dnf: /mnt/sysroot/tmp/dnf.package.cache/pcre2-syntax-10.40-2.el9.noarch.rpm removed
19:32:16,026 DDEBUG dnf: /mnt/sysroot/tmp/dnf.package.cache/libgcc-11.3.1-2.1.el9.x86_64.rpm removed
19:32:16,026 DDEBUG dnf: /mnt/sysroot/tmp/dnf.package.cache/libzstd-1.5.1-2.el9.x86_64.rpm removed
19:32:16,027 DDEBUG dnf: /mnt/sysroot/tmp/dnf.package.cache/python3-libs-3.9.14-1.el9_1.1.x86_64.rpm removed
19:32:16,027 DDEBUG dnf: /mnt/sysroot/tmp/dnf.package.cache/grep-3.6-5.el9.x86_64.rpm removed
19:32:16,027 DDEBUG dnf: /mnt/sysroot/tmp/dnf.package.cache/nettle-3.8-3.el9_0.x86_64.rpm removed
19:32:16,027 DDEBUG dnf: /mnt/sysroot/tmp/dnf.package.cache/crypto-policies-scripts-20220815-1.git0fbe86f.el9.noarch.rpm removed
19:32:16,027 DDEBUG dnf: /mnt/sysroot/tmp/dnf.package.cache/libarchive-3.5.3-3.el9.x86_64.rpm removed
19:32:16,027 DDEBUG dnf: /mnt/sysroot/tmp/dnf.package.cache/mpfr-4.1.0-7.el9.x86_64.rpm removed
19:32:16,027 DDEBUG dnf: /mnt/sysroot/tmp/dnf.package.cache/glibc-2.34-40.el9_1.1.x86_64.rpm removed
19:32:16,027 DDEBUG dnf: /mnt/sysroot/tmp/dnf.package.cache/libuser-0.63-11.el9.x86_64.rpm removed
19:32:16,027 DDEBUG dnf: /mnt/sysroot/tmp/dnf.package.cache/glibc-minimal-langpack-2.34-40.el9_1.1.x86_64.rpm removed
19:32:16,027 DDEBUG dnf: /mnt/sysroot/tmp/dnf.package.cache/file-libs-5.39-10.el9.x86_64.rpm removed
19:32:16,027 DDEBUG dnf: /mnt/sysroot/tmp/dnf.package.cache/libcurl-minimal-7.76.1-19.el9_1.1.x86_64.rpm removed
19:32:16,027 DDEBUG dnf: /mnt/sysroot/tmp/dnf.package.cache/python3-rpm-4.16.1.3-19.el9_1.x86_64.rpm removed
19:32:16,027 DDEBUG dnf: /mnt/sysroot/tmp/dnf.package.cache/libsmartcols-2.37.4-9.el9.x86_64.rpm removed
19:32:16,027 DDEBUG dnf: /mnt/sysroot/tmp/dnf.package.cache/filesystem-3.16-2.el9.x86_64.rpm removed
19:32:16,027 DDEBUG dnf: /mnt/sysroot/tmp/dnf.package.cache/libsigsegv-2.13-4.el9.x86_64.rpm removed
19:32:16,028 DDEBUG dnf: /mnt/sysroot/tmp/dnf.package.cache/python3-dnf-4.12.0-4.el9.noarch.rpm removed
19:32:16,028 DDEBUG dnf: /mnt/sysroot/tmp/dnf.package.cache/python3-hawkey-0.67.0-3.el9.x86_64.rpm removed
19:32:16,028 DDEBUG dnf: /mnt/sysroot/tmp/dnf.package.cache/ima-evm-utils-1.4-4.el9.x86_64.rpm removed
19:32:16,028 DDEBUG dnf: /mnt/sysroot/tmp/dnf.package.cache/tpm2-tss-3.0.3-8.el9.x86_64.rpm removed
19:32:16,028 DDEBUG dnf: /mnt/sysroot/tmp/dnf.package.cache/keyutils-libs-1.6.1-4.el9.x86_64.rpm removed
19:32:16,028 DDEBUG dnf: /mnt/sysroot/tmp/dnf.package.cache/libsepol-3.4-1.1.el9.x86_64.rpm removed
19:32:16,028 DDEBUG dnf: /mnt/sysroot/tmp/dnf.package.cache/elfutils-libelf-0.187-5.el9.x86_64.rpm removed
19:32:16,028 DDEBUG dnf: /mnt/sysroot/tmp/dnf.package.cache/pcre2-10.40-2.el9.x86_64.rpm removed
19:32:16,028 DDEBUG dnf: /mnt/sysroot/tmp/dnf.package.cache/pam-1.5.1-12.el9.x86_64.rpm removed
19:32:16,028 DDEBUG dnf: /mnt/sysroot/tmp/dnf.package.cache/curl-minimal-7.76.1-19.el9_1.1.x86_64.rpm removed
19:32:16,028 DDEBUG dnf: /mnt/sysroot/tmp/dnf.package.cache/json-c-0.14-11.el9.x86_64.rpm removed
19:32:16,028 DDEBUG dnf: /mnt/sysroot/tmp/dnf.package.cache/libsemanage-3.4-2.el9.x86_64.rpm removed
19:32:16,028 DDEBUG dnf: /mnt/sysroot/tmp/dnf.package.cache/rpm-4.16.1.3-19.el9_1.x86_64.rpm removed
19:32:16,028 DDEBUG dnf: /mnt/sysroot/tmp/dnf.package.cache/setup-2.13.7-7.el9.noarch.rpm removed
19:32:16,028 DDEBUG dnf: /mnt/sysroot/tmp/dnf.package.cache/passwd-0.80-12.el9.x86_64.rpm removed
19:32:16,028 DDEBUG dnf: /mnt/sysroot/tmp/dnf.package.cache/libattr-2.5.1-3.el9.x86_64.rpm removed
19:32:16,028 DDEBUG dnf: /mnt/sysroot/tmp/dnf.package.cache/rpm-libs-4.16.1.3-19.el9_1.x86_64.rpm removed
19:32:16,028 DDEBUG dnf: /mnt/sysroot/tmp/dnf.package.cache/elfutils-libs-0.187-5.el9.x86_64.rpm removed
19:32:16,028 DDEBUG dnf: /mnt/sysroot/tmp/dnf.package.cache/libksba-1.5.1-6.el9_1.x86_64.rpm removed
19:32:16,028 DDEBUG dnf: /mnt/sysroot/tmp/dnf.package.cache/rootfiles-8.1-31.el9.noarch.rpm removed
19:32:16,028 DDEBUG dnf: /mnt/sysroot/tmp/dnf.package.cache/expat-2.4.9-1.el9_1.1.x86_64.rpm removed
19:32:16,028 DDEBUG dnf: /mnt/sysroot/tmp/dnf.package.cache/yum-4.12.0-4.el9.noarch.rpm removed
19:32:16,028 DDEBUG dnf: /mnt/sysroot/tmp/dnf.package.cache/hostname-3.23-6.el9.x86_64.rpm removed
19:32:16,028 DDEBUG dnf: /mnt/sysroot/tmp/dnf.package.cache/libdnf-0.67.0-3.el9.x86_64.rpm removed
19:32:16,029 DDEBUG dnf: /mnt/sysroot/tmp/dnf.package.cache/python3-pip-wheel-21.2.3-6.el9.noarch.rpm removed
19:32:16,029 DDEBUG dnf: /mnt/sysroot/tmp/dnf.package.cache/binutils-2.35.2-24.el9.x86_64.rpm removed
19:32:16,029 DDEBUG dnf: /mnt/sysroot/tmp/dnf.package.cache/python3-setuptools-wheel-53.0.0-10.el9.noarch.rpm removed
19:32:16,029 DDEBUG dnf: /mnt/sysroot/tmp/dnf.package.cache/usermode-1.114-4.el9.x86_64.rpm removed
19:32:16,029 DDEBUG dnf: /mnt/sysroot/tmp/dnf.package.cache/libffi-3.4.2-7.el9.x86_64.rpm removed
19:32:16,029 DDEBUG dnf: /mnt/sysroot/tmp/dnf.package.cache/python3-3.9.14-1.el9_1.1.x86_64.rpm removed
19:32:16,029 DDEBUG dnf: /mnt/sysroot/tmp/dnf.package.cache/libcap-ng-0.8.2-7.el9.x86_64.rpm removed
19:32:16,029 DDEBUG dnf: /mnt/sysroot/tmp/dnf.package.cache/libgpg-error-1.42-5.el9.x86_64.rpm removed
19:32:16,029 DDEBUG dnf: /mnt/sysroot/tmp/dnf.package.cache/libreport-filesystem-2.15.2-6.el9.rocky.0.2.noarch.rpm removed
19:32:16,029 DDEBUG dnf: /mnt/sysroot/tmp/dnf.package.cache/libsolv-0.7.22-1.el9.x86_64.rpm removed
19:32:16,029 DDEBUG dnf: /mnt/sysroot/tmp/dnf.package.cache/gpgme-1.15.1-6.el9.x86_64.rpm removed
19:32:16,029 DDEBUG dnf: /mnt/sysroot/tmp/dnf.package.cache/coreutils-single-8.32-32.el9.x86_64.rpm removed
19:32:16,029 DDEBUG dnf: /mnt/sysroot/tmp/dnf.package.cache/basesystem-11-13.el9.noarch.rpm removed
19:32:16,029 DDEBUG dnf: /mnt/sysroot/tmp/dnf.package.cache/gmp-6.2.0-10.el9.x86_64.rpm removed
19:32:16,029 DDEBUG dnf: /mnt/sysroot/tmp/dnf.package.cache/libselinux-3.4-3.el9.x86_64.rpm removed
19:32:16,029 DDEBUG dnf: /mnt/sysroot/tmp/dnf.package.cache/findutils-4.8.0-5.el9.x86_64.rpm removed
19:32:16,029 DDEBUG dnf: /mnt/sysroot/tmp/dnf.package.cache/libxcrypt-4.4.18-3.el9.x86_64.rpm removed
19:32:16,029 DDEBUG dnf: /mnt/sysroot/tmp/dnf.package.cache/libnghttp2-1.43.0-5.el9.x86_64.rpm removed
19:32:16,029 DDEBUG dnf: /mnt/sysroot/tmp/dnf.package.cache/libverto-0.3.2-3.el9.x86_64.rpm removed
19:32:16,030 DDEBUG dnf: /mnt/sysroot/tmp/dnf.package.cache/libmount-2.37.4-9.el9.x86_64.rpm removed
19:32:16,030 DDEBUG dnf: /mnt/sysroot/tmp/dnf.package.cache/popt-1.18-8.el9.x86_64.rpm removed
19:32:16,030 DDEBUG dnf: /mnt/sysroot/tmp/dnf.package.cache/util-linux-2.37.4-9.el9.x86_64.rpm removed
19:32:16,030 DDEBUG dnf: /mnt/sysroot/tmp/dnf.package.cache/elfutils-debuginfod-client-0.187-5.el9.x86_64.rpm removed
19:32:16,030 DDEBUG dnf: /mnt/sysroot/tmp/dnf.package.cache/shadow-utils-4.9-5.el9.x86_64.rpm removed
19:32:16,030 DDEBUG dnf: /mnt/sysroot/tmp/dnf.package.cache/less-590-1.el9_0.x86_64.rpm removed
19:32:16,030 DDEBUG dnf: /mnt/sysroot/tmp/dnf.package.cache/glib2-2.68.4-5.el9.x86_64.rpm removed
19:32:16,030 DDEBUG dnf: /mnt/sysroot/tmp/dnf.package.cache/libassuan-2.5.5-3.el9.x86_64.rpm removed
19:32:16,030 DDEBUG dnf: /mnt/sysroot/tmp/dnf.package.cache/libevent-2.1.12-6.el9.x86_64.rpm removed
19:32:16,030 DDEBUG dnf: /mnt/sysroot/tmp/dnf.package.cache/audit-libs-3.0.7-103.el9.x86_64.rpm removed
19:32:16,030 DDEBUG dnf: /mnt/sysroot/tmp/dnf.package.cache/libfdisk-2.37.4-9.el9.x86_64.rpm removed
19:32:16,030 DDEBUG dnf: /mnt/sysroot/tmp/dnf.package.cache/alternatives-1.20-2.el9.x86_64.rpm removed
19:32:16,030 DDEBUG dnf: /mnt/sysroot/tmp/dnf.package.cache/libutempter-1.2.1-6.el9.x86_64.rpm removed
19:32:16,030 DDEBUG dnf: /mnt/sysroot/tmp/dnf.package.cache/sqlite-libs-3.34.1-6.el9_1.x86_64.rpm removed
19:32:16,030 DDEBUG dnf: /mnt/sysroot/tmp/dnf.package.cache/elfutils-default-yama-scope-0.187-5.el9.noarch.rpm removed
19:32:16,030 DDEBUG dnf: /mnt/sysroot/tmp/dnf.package.cache/tzdata-2022g-1.el9_1.noarch.rpm removed
19:32:16,030 DDEBUG dnf: /mnt/sysroot/tmp/dnf.package.cache/libpwquality-1.4.4-8.el9.x86_64.rpm removed
19:32:16,030 DDEBUG dnf: /mnt/sysroot/tmp/dnf.package.cache/libuuid-2.37.4-9.el9.x86_64.rpm removed
19:32:16,030 DDEBUG dnf: /mnt/sysroot/tmp/dnf.package.cache/p11-kit-0.24.1-2.el9.x86_64.rpm removed
19:32:16,031 DDEBUG dnf: /mnt/sysroot/tmp/dnf.package.cache/tar-1.34-5.el9.x86_64.rpm removed
19:32:16,031 DDEBUG dnf: /mnt/sysroot/tmp/dnf.package.cache/dnf-data-4.12.0-4.el9.noarch.rpm removed
19:32:16,031 DDEBUG dnf: /mnt/sysroot/tmp/dnf.package.cache/xz-libs-5.2.5-8.el9_0.x86_64.rpm removed
19:32:16,031 DDEBUG dnf: /mnt/sysroot/tmp/dnf.package.cache/rocky-gpg-keys-9.1-1.11.el9.noarch.rpm removed
19:32:16,031 DDEBUG dnf: /mnt/sysroot/tmp/dnf.package.cache/systemd-libs-250-12.el9_1.1.x86_64.rpm removed
19:32:16,031 DDEBUG dnf: /mnt/sysroot/tmp/dnf.package.cache/cyrus-sasl-lib-2.1.27-20.el9.x86_64.rpm removed
19:32:16,031 DDEBUG dnf: /mnt/sysroot/tmp/dnf.package.cache/crypto-policies-20220815-1.git0fbe86f.el9.noarch.rpm removed
19:32:16,031 DDEBUG dnf: /mnt/sysroot/tmp/dnf.package.cache/gawk-5.1.0-6.el9.x86_64.rpm removed
19:32:16,031 DDEBUG dnf: /mnt/sysroot/tmp/dnf.package.cache/libdb-5.3.28-53.el9.x86_64.rpm removed
19:32:16,031 DDEBUG dnf: /mnt/sysroot/tmp/dnf.package.cache/openssl-3.0.1-43.el9_0.x86_64.rpm removed
19:32:16,031 DDEBUG dnf: /mnt/sysroot/tmp/dnf.package.cache/openssl-libs-3.0.1-43.el9_0.x86_64.rpm removed
19:32:16,031 DDEBUG dnf: /mnt/sysroot/tmp/dnf.package.cache/util-linux-core-2.37.4-9.el9.x86_64.rpm removed
19:32:16,031 DDEBUG dnf: /mnt/sysroot/tmp/dnf.package.cache/glibc-common-2.34-40.el9_1.1.x86_64.rpm removed
19:32:16,031 DDEBUG dnf: /mnt/sysroot/tmp/dnf.package.cache/libstdc++-11.3.1-2.1.el9.x86_64.rpm removed
19:32:16,031 DDEBUG dnf: /mnt/sysroot/tmp/dnf.package.cache/pcre-8.44-3.el9.3.x86_64.rpm removed
19:32:16,031 DDEBUG dnf: /mnt/sysroot/tmp/dnf.package.cache/libacl-2.3.1-3.el9.x86_64.rpm removed
19:32:16,031 DDEBUG dnf: /mnt/sysroot/tmp/dnf.package.cache/dnf-4.12.0-4.el9.noarch.rpm removed
19:32:16,032 DDEBUG dnf: /mnt/sysroot/tmp/dnf.package.cache/libusbx-1.0.26-1.el9.x86_64.rpm removed
19:32:16,032 DDEBUG dnf: /mnt/sysroot/tmp/dnf.package.cache/ncurses-base-6.2-8.20210508.el9.noarch.rpm removed
19:32:16,032 DDEBUG dnf: /mnt/sysroot/tmp/dnf.package.cache/gzip-1.12-1.el9.x86_64.rpm removed
19:32:16,032 DDEBUG dnf: /mnt/sysroot/tmp/dnf.package.cache/gnutls-3.7.6-12.el9_0.x86_64.rpm removed
19:32:16,032 DDEBUG dnf: /mnt/sysroot/tmp/dnf.package.cache/cracklib-dicts-2.9.6-27.el9.x86_64.rpm removed
19:32:16,032 DDEBUG dnf: /mnt/sysroot/tmp/dnf.package.cache/ca-certificates-2022.2.54-90.2.el9.noarch.rpm removed
19:32:16,032 DDEBUG dnf: /mnt/sysroot/tmp/dnf.package.cache/librepo-1.14.2-3.el9.x86_64.rpm removed
19:32:16,033 DDEBUG dnf: /mnt/sysroot/tmp/dnf.package.cache/libidn2-2.3.0-7.el9.x86_64.rpm removed
19:32:16,033 DDEBUG dnf: /mnt/sysroot/tmp/dnf.package.cache/libxml2-2.9.13-3.el9_1.x86_64.rpm removed
19:32:16,033 DDEBUG dnf: /mnt/sysroot/tmp/dnf.package.cache/gdbm-libs-1.19-4.el9.x86_64.rpm removed
19:32:16,033 DDEBUG dnf: /mnt/sysroot/tmp/dnf.package.cache/bash-5.1.8-6.el9_1.x86_64.rpm removed
19:32:16,033 DDEBUG dnf: /mnt/sysroot/tmp/dnf.package.cache/lua-libs-5.4.2-4.el9_0.3.x86_64.rpm removed
19:32:16,033 DDEBUG dnf: /mnt/sysroot/tmp/dnf.package.cache/rpm-sign-libs-4.16.1.3-19.el9_1.x86_64.rpm removed
19:32:16,033 DDEBUG dnf: /mnt/sysroot/tmp/dnf.package.cache/libeconf-0.4.1-2.el9.x86_64.rpm removed
19:32:16,033 DDEBUG dnf: /mnt/sysroot/tmp/dnf.package.cache/python3-gpg-1.15.1-6.el9.x86_64.rpm removed
19:32:16,033 DDEBUG dnf: /mnt/sysroot/tmp/dnf.package.cache/rpm-build-libs-4.16.1.3-19.el9_1.x86_64.rpm removed
19:32:16,033 DDEBUG dnf: /mnt/sysroot/tmp/dnf.package.cache/krb5-libs-1.19.1-24.el9_1.x86_64.rpm removed
19:32:16,033 DDEBUG dnf: /mnt/sysroot/tmp/dnf.package.cache/gnupg2-2.3.3-2.el9_0.x86_64.rpm removed
19:32:16,033 DDEBUG dnf: /mnt/sysroot/tmp/dnf.package.cache/libgcrypt-1.10.0-8.el9_0.x86_64.rpm removed
19:32:16,033 DDEBUG dnf: /mnt/sysroot/tmp/dnf.package.cache/bzip2-libs-1.0.8-8.el9.x86_64.rpm removed
19:32:16,033 DDEBUG dnf: /mnt/sysroot/tmp/dnf.package.cache/openldap-2.6.2-3.el9.x86_64.rpm removed
19:32:16,033 DDEBUG dnf: /mnt/sysroot/tmp/dnf.package.cache/python3-libcomps-0.1.18-1.el9.x86_64.rpm removed
19:32:16,033 DDEBUG dnf: /mnt/sysroot/tmp/dnf.package.cache/readline-8.1-4.el9.x86_64.rpm removed
19:32:16,033 DDEBUG dnf: /mnt/sysroot/tmp/dnf.package.cache/libcom_err-1.46.5-3.el9.x86_64.rpm removed
19:32:16,033 DDEBUG dnf: /mnt/sysroot/tmp/dnf.package.cache/python3-libdnf-0.67.0-3.el9.x86_64.rpm removed
19:32:16,033 DDEBUG dnf: /mnt/sysroot/tmp/dnf.package.cache/rocky-release-9.1-1.11.el9.noarch.rpm removed
19:32:16,033 DDEBUG dnf: /mnt/sysroot/tmp/dnf.package.cache/sed-4.8-9.el9.x86_64.rpm removed
19:32:16,034 DDEBUG dnf: /mnt/sysroot/tmp/dnf.package.cache/binutils-gold-2.35.2-24.el9.x86_64.rpm removed
19:32:16,034 DDEBUG dnf: /mnt/sysroot/tmp/dnf.package.cache/libunistring-0.9.10-15.el9.x86_64.rpm removed
19:32:16,034 DDEBUG dnf: /mnt/sysroot/tmp/dnf.package.cache/npth-1.6-8.el9.x86_64.rpm removed
19:32:16,034 DDEBUG dnf: /mnt/sysroot/tmp/dnf.package.cache/zlib-1.2.11-35.el9_1.x86_64.rpm removed
19:32:16,034 DDEBUG dnf: /mnt/sysroot/tmp/dnf.package.cache/libcap-2.48-8.el9.x86_64.rpm removed
19:32:16,034 DDEBUG dnf: /mnt/sysroot/tmp/dnf.package.cache/libmodulemd-2.13.0-2.el9.x86_64.rpm removed
19:32:16,034 DDEBUG dnf: /mnt/sysroot/tmp/dnf.package.cache/libtasn1-4.16.0-8.el9_1.x86_64.rpm removed
19:32:16,034 DDEBUG dnf: /mnt/sysroot/tmp/dnf.package.cache/libyaml-0.2.5-7.el9.x86_64.rpm removed
19:32:16,110 INF packaging: Cleaning up downloaded packages: /mnt/sysroot/tmp/dnf.package.cache
19:32:21,144 DDEBUG dnf: Cleaning up.
19:32:21,144 INF dnf: The downloaded packages were saved in cache until the next successful transaction.
19:32:21,145 INF dnf: You can remove cached packages by executing 'dnf clean packages'.
