19:31:43,453 INF program: Running... systemctl restart rsyslog
19:31:43,745 DBG program: Return code: 0
19:31:44,557 INF program: Running... losetup --list
19:31:44,565 INF program: Running... /sbin/auditd
19:31:44,568 DBG program: Return code: 0
19:31:44,569 INF program: Running... dbus-daemon --print-address --syslog --config-file=/usr/share/anaconda/dbus/anaconda-bus.conf
19:31:53,197 INF program: Running... losetup --list
19:31:53,216 INF program: Running... udevadm settle --timeout=300
19:31:53,237 DBG program: Return code: 0
19:31:53,253 INF program: Running [1] mkdosfs --help ...
19:31:53,260 INF program: stdout[1]: mkfs.fat 4.2 (2021-01-31)

19:31:53,260 INF program: stderr[1]: Usage: mkdosfs [OPTIONS] TARGET [BLOCKS]
Create FAT filesystem in TARGET, which can be a block device or file. Use only
up to BLOCKS 1024 byte blocks if specified. With the -C option, file TARGET will be
created with a size of 1024 bytes times BLOCKS, which must be specified.

Options:
  -a              Disable alignment of data structures
  -A              Toggle Atari variant of the filesystem
  -b SECTOR       Select SECTOR as location of the FAT32 backup boot sector
  -c              Check device for bad blocks before creating the filesystem
  -C              Create file TARGET then create filesystem in it
  -D NUMBER       Write BIOS drive number NUMBER to boot sector
  -f COUNT        Create COUNT file allocation tables
  -F SIZE         Select FAT size SIZE (12, 16 or 32)
  -g GEOM         Select disk geometry: heads/sectors_per_track
  -h NUMBER       Write hidden sectors NUMBER to boot sector
  -i VOLID        Set volume ID to VOLID (a 32 bit hexadecimal number)
  -I              Ignore and disable safety checks
  -l FILENAME     Read bad blocks list from FILENAME
  -m FILENAME     Replace default error message in boot block with contents of FILENAME
  -M TYPE         Set media type in boot sector to TYPE
  --mbr[=y|n|a]   Fill (fake) MBR table with one partition which spans whole disk
  -n LABEL        Set volume name to LABEL (up to 11 characters long)
  --codepage=N    use DOS codepage N to encode label (default: 850)
  -r COUNT        Make room for at least COUNT entries in the root directory
  -R COUNT        Set minimal number of reserved sectors to COUNT
  -s COUNT        Set number of sectors per cluster to COUNT
  -S SIZE         Select a sector size of SIZE (a power of two, at least 512)
  -v              Verbose execution
  --variant=TYPE  Select variant TYPE of filesystem (standard or Atari)

  --invariant     Use constants for randomly generated or time based values
  --offset=SECTOR Write the filesystem at a specific sector into the device file.
  --help          Show this help message and exit

19:31:53,260 INF program: ...done [1] (exit code: 0)
19:31:53,268 INF program: Running [2] lvm version ...
19:31:53,277 INF program: stdout[2]:   LVM version:     2.03.16(2) (2022-05-18)
  Library version: 1.02.185 (2022-05-18)
  Driver version:  4.46.0
  Configuration:   ./configure --build=x86_64-redhat-linux-gnu --host=x86_64-redhat-linux-gnu --program-prefix= --disable-dependency-tracking --prefix=/usr --exec-prefix=/usr --bindir=/usr/bin --sbindir=/usr/sbin --sysconfdir=/etc --datadir=/usr/share --includedir=/usr/include --libdir=/usr/lib64 --libexecdir=/usr/libexec --localstatedir=/var --sharedstatedir=/var/lib --mandir=/usr/share/man --infodir=/usr/share/info --with-default-dm-run-dir=/run --with-default-run-dir=/run/lvm --with-default-pid-dir=/run --with-default-locking-dir=/run/lock/lvm --with-usrlibdir=/usr/lib64 --enable-fsadm --enable-write_install --with-user= --with-group= --with-device-uid=0 --with-device-gid=6 --with-device-mode=0660 --enable-pkgconfig --enable-cmdlib --enable-dmeventd --enable-blkid_wiping --with-cluster=internal --with-udevdir=/usr/lib/udev/rules.d --enable-udev_sync --with-thin=internal --with-cache=internal --enable-lvmpolld --enable-lvmlockd-dlm --enable-lvmlockd-dlmcontrol --enable-lvmlockd-sanlock --enable-dbus-service --enable-notify-dbus --enable-dmfilemapd --with-writecache=internal --with-vdo=internal --with-vdo-format=/usr/bin/vdoformat --with-integrity=internal --with-default-use-devices-file=1 --disable-silent-rules --enable-app-machineid --enable-editline --disable-readline

19:31:53,277 INF program: stderr[2]: 
19:31:53,277 INF program: ...done [2] (exit code: 0)
19:31:53,293 INF program: Running... udevadm settle --timeout=300
19:31:53,306 DBG program: Return code: 0
19:31:53,326 INF program: Running... hwclock --hctosys --utc
19:31:53,000 DBG program: Return code: 0
19:32:01,806 INF program: Running... df --output=target,avail
19:32:01,817 INF program: Mounted on   Avail
19:32:01,819 INF program: /dev          4096
19:32:01,819 INF program: /dev/shm   4060868
19:32:01,820 INF program: /run       1559880
19:32:01,820 INF program: /          1194276
19:32:01,820 INF program: /tmp       4036332
19:32:01,820 DBG program: Return code: 0
19:32:02,274 INF program: Running... df --output=target,avail
19:32:02,278 INF program: Mounted on   Avail
19:32:02,278 INF program: /dev          4096
19:32:02,278 INF program: /dev/shm   4060868
19:32:02,278 INF program: /run       1559880
19:32:02,278 INF program: /          1194276
19:32:02,278 INF program: /tmp       4036332
19:32:02,279 DBG program: Return code: 0
19:32:02,362 INF program: Running... hwclock --systohc --utc
19:32:02,501 DBG program: Return code: 0
19:32:07,563 INF program: Running... systemd-detect-virt
19:32:07,571 INF program: kvm
19:32:07,571 DBG program: Return code: 0
19:32:07,681 INF program: Running... df --output=target,avail
19:32:07,686 INF program: Mounted on             Avail
19:32:07,686 INF program: /dev                    4096
19:32:07,686 INF program: /dev/shm             4060868
19:32:07,686 INF program: /run                 1559880
19:32:07,686 INF program: /                    1194240
19:32:07,686 INF program: /tmp                 4036248
19:32:07,686 INF program: /mnt/sysroot         9675936
19:32:07,686 INF program: /mnt/sysroot/dev/shm 4060872
19:32:07,686 INF program: /mnt/sysroot/tmp     4060872
19:32:07,686 DBG program: Return code: 0
19:32:07,711 INF program: Running... df --output=target,avail
19:32:07,714 INF program: Mounted on             Avail
19:32:07,715 INF program: /dev                    4096
19:32:07,715 INF program: /dev/shm             4060868
19:32:07,715 INF program: /run                 1559880
19:32:07,715 INF program: /                    1194240
19:32:07,715 INF program: /tmp                 4036248
19:32:07,715 INF program: /mnt/sysroot         9675936
19:32:07,715 INF program: /mnt/sysroot/dev/shm 4060872
19:32:07,715 INF program: /mnt/sysroot/tmp     4060872
19:32:07,715 DBG program: Return code: 0
19:32:49,344 INF program: Running in chroot '/mnt/sysroot'... /bin/sh /tmp/ks-script-jbgwhx_a
19:32:49,356 INF program: /tmp/ks-script-jbgwhx_a: line 19: systemd-tmpfiles: command not found
19:32:49,356 INF program: /tmp/ks-script-jbgwhx_a: line 22: systemctl: command not found
19:32:49,357 DBG program: Return code: 0
19:32:49,357 INF program: Running in chroot '/mnt/sysroot'... /bin/sh /tmp/ks-script-6p_ia1t7
19:32:49,361 INF program: Restoring SElinux contexts...
19:32:49,361 INF program: /tmp/ks-script-6p_ia1t7: line 12: restorecon: command not found
19:32:49,362 INF program: Finished.
19:32:49,362 DBG program: Return code: 0
19:32:49,362 INF program: Running... /bin/sh /tmp/ks-script-vbyvgaxc
19:32:49,366 INF program: Copying screenshots from installation...
19:32:49,366 INF program: No screenshots found.
19:32:49,366 DBG program: Return code: 0
19:32:49,366 INF program: Running... /bin/sh /tmp/ks-script-7cakeaxk
